/home/student/nseiger/CS385/EFI/Sonoma_edk2/Build/AppPkg/DEBUG_GCC44/X64/StdLib/LibC/Stdio/Stdio/OUTPUT/clrerr.obj
/home/student/nseiger/CS385/EFI/Sonoma_edk2/Build/AppPkg/DEBUG_GCC44/X64/StdLib/LibC/Stdio/Stdio/OUTPUT/fclose.obj
/home/student/nseiger/CS385/EFI/Sonoma_edk2/Build/AppPkg/DEBUG_GCC44/X64/StdLib/LibC/Stdio/Stdio/OUTPUT/fdopen.obj
/home/student/nseiger/CS385/EFI/Sonoma_edk2/Build/AppPkg/DEBUG_GCC44/X64/StdLib/LibC/Stdio/Stdio/OUTPUT/feof.obj
/home/student/nseiger/CS385/EFI/Sonoma_edk2/Build/AppPkg/DEBUG_GCC44/X64/StdLib/LibC/Stdio/Stdio/OUTPUT/ferror.obj
/home/student/nseiger/CS385/EFI/Sonoma_edk2/Build/AppPkg/DEBUG_GCC44/X64/StdLib/LibC/Stdio/Stdio/OUTPUT/fflush.obj
/home/student/nseiger/CS385/EFI/Sonoma_edk2/Build/AppPkg/DEBUG_GCC44/X64/StdLib/LibC/Stdio/Stdio/OUTPUT/fgetc.obj
/home/student/nseiger/CS385/EFI/Sonoma_edk2/Build/AppPkg/DEBUG_GCC44/X64/StdLib/LibC/Stdio/Stdio/OUTPUT/fgetln.obj
/home/student/nseiger/CS385/EFI/Sonoma_edk2/Build/AppPkg/DEBUG_GCC44/X64/StdLib/LibC/Stdio/Stdio/OUTPUT/fgetpos.obj
/home/student/nseiger/CS385/EFI/Sonoma_edk2/Build/AppPkg/DEBUG_GCC44/X64/StdLib/LibC/Stdio/Stdio/OUTPUT/fgets.obj
/home/student/nseiger/CS385/EFI/Sonoma_edk2/Build/AppPkg/DEBUG_GCC44/X64/StdLib/LibC/Stdio/Stdio/OUTPUT/fopen.obj
/home/student/nseiger/CS385/EFI/Sonoma_edk2/Build/AppPkg/DEBUG_GCC44/X64/StdLib/LibC/Stdio/Stdio/OUTPUT/fprintf.obj
/home/student/nseiger/CS385/EFI/Sonoma_edk2/Build/AppPkg/DEBUG_GCC44/X64/StdLib/LibC/Stdio/Stdio/OUTPUT/fputc.obj
/home/student/nseiger/CS385/EFI/Sonoma_edk2/Build/AppPkg/DEBUG_GCC44/X64/StdLib/LibC/Stdio/Stdio/OUTPUT/fputs.obj
/home/student/nseiger/CS385/EFI/Sonoma_edk2/Build/AppPkg/DEBUG_GCC44/X64/StdLib/LibC/Stdio/Stdio/OUTPUT/fread.obj
/home/student/nseiger/CS385/EFI/Sonoma_edk2/Build/AppPkg/DEBUG_GCC44/X64/StdLib/LibC/Stdio/Stdio/OUTPUT/freopen.obj
/home/student/nseiger/CS385/EFI/Sonoma_edk2/Build/AppPkg/DEBUG_GCC44/X64/StdLib/LibC/Stdio/Stdio/OUTPUT/fscanf.obj
/home/student/nseiger/CS385/EFI/Sonoma_edk2/Build/AppPkg/DEBUG_GCC44/X64/StdLib/LibC/Stdio/Stdio/OUTPUT/fseek.obj
/home/student/nseiger/CS385/EFI/Sonoma_edk2/Build/AppPkg/DEBUG_GCC44/X64/StdLib/LibC/Stdio/Stdio/OUTPUT/fsetpos.obj
/home/student/nseiger/CS385/EFI/Sonoma_edk2/Build/AppPkg/DEBUG_GCC44/X64/StdLib/LibC/Stdio/Stdio/OUTPUT/ftell.obj
/home/student/nseiger/CS385/EFI/Sonoma_edk2/Build/AppPkg/DEBUG_GCC44/X64/StdLib/LibC/Stdio/Stdio/OUTPUT/fwrite.obj
/home/student/nseiger/CS385/EFI/Sonoma_edk2/Build/AppPkg/DEBUG_GCC44/X64/StdLib/LibC/Stdio/Stdio/OUTPUT/getc.obj
/home/student/nseiger/CS385/EFI/Sonoma_edk2/Build/AppPkg/DEBUG_GCC44/X64/StdLib/LibC/Stdio/Stdio/OUTPUT/getchar.obj
/home/student/nseiger/CS385/EFI/Sonoma_edk2/Build/AppPkg/DEBUG_GCC44/X64/StdLib/LibC/Stdio/Stdio/OUTPUT/gets.obj
/home/student/nseiger/CS385/EFI/Sonoma_edk2/Build/AppPkg/DEBUG_GCC44/X64/StdLib/LibC/Stdio/Stdio/OUTPUT/perror.obj
/home/student/nseiger/CS385/EFI/Sonoma_edk2/Build/AppPkg/DEBUG_GCC44/X64/StdLib/LibC/Stdio/Stdio/OUTPUT/printf.obj
/home/student/nseiger/CS385/EFI/Sonoma_edk2/Build/AppPkg/DEBUG_GCC44/X64/StdLib/LibC/Stdio/Stdio/OUTPUT/putc.obj
/home/student/nseiger/CS385/EFI/Sonoma_edk2/Build/AppPkg/DEBUG_GCC44/X64/StdLib/LibC/Stdio/Stdio/OUTPUT/putchar.obj
/home/student/nseiger/CS385/EFI/Sonoma_edk2/Build/AppPkg/DEBUG_GCC44/X64/StdLib/LibC/Stdio/Stdio/OUTPUT/puts.obj
/home/student/nseiger/CS385/EFI/Sonoma_edk2/Build/AppPkg/DEBUG_GCC44/X64/StdLib/LibC/Stdio/Stdio/OUTPUT/remove.obj
/home/student/nseiger/CS385/EFI/Sonoma_edk2/Build/AppPkg/DEBUG_GCC44/X64/StdLib/LibC/Stdio/Stdio/OUTPUT/rewind.obj
/home/student/nseiger/CS385/EFI/Sonoma_edk2/Build/AppPkg/DEBUG_GCC44/X64/StdLib/LibC/Stdio/Stdio/OUTPUT/scanf.obj
/home/student/nseiger/CS385/EFI/Sonoma_edk2/Build/AppPkg/DEBUG_GCC44/X64/StdLib/LibC/Stdio/Stdio/OUTPUT/setbuf.obj
/home/student/nseiger/CS385/EFI/Sonoma_edk2/Build/AppPkg/DEBUG_GCC44/X64/StdLib/LibC/Stdio/Stdio/OUTPUT/setvbuf.obj
/home/student/nseiger/CS385/EFI/Sonoma_edk2/Build/AppPkg/DEBUG_GCC44/X64/StdLib/LibC/Stdio/Stdio/OUTPUT/sprintf.obj
/home/student/nseiger/CS385/EFI/Sonoma_edk2/Build/AppPkg/DEBUG_GCC44/X64/StdLib/LibC/Stdio/Stdio/OUTPUT/sscanf.obj
/home/student/nseiger/CS385/EFI/Sonoma_edk2/Build/AppPkg/DEBUG_GCC44/X64/StdLib/LibC/Stdio/Stdio/OUTPUT/tempnam.obj
/home/student/nseiger/CS385/EFI/Sonoma_edk2/Build/AppPkg/DEBUG_GCC44/X64/StdLib/LibC/Stdio/Stdio/OUTPUT/tmpfile.obj
/home/student/nseiger/CS385/EFI/Sonoma_edk2/Build/AppPkg/DEBUG_GCC44/X64/StdLib/LibC/Stdio/Stdio/OUTPUT/tmpnam.obj
/home/student/nseiger/CS385/EFI/Sonoma_edk2/Build/AppPkg/DEBUG_GCC44/X64/StdLib/LibC/Stdio/Stdio/OUTPUT/ungetc.obj
/home/student/nseiger/CS385/EFI/Sonoma_edk2/Build/AppPkg/DEBUG_GCC44/X64/StdLib/LibC/Stdio/Stdio/OUTPUT/vfprintf.obj
/home/student/nseiger/CS385/EFI/Sonoma_edk2/Build/AppPkg/DEBUG_GCC44/X64/StdLib/LibC/Stdio/Stdio/OUTPUT/vfwprintf.obj
/home/student/nseiger/CS385/EFI/Sonoma_edk2/Build/AppPkg/DEBUG_GCC44/X64/StdLib/LibC/Stdio/Stdio/OUTPUT/vprintf.obj
/home/student/nseiger/CS385/EFI/Sonoma_edk2/Build/AppPkg/DEBUG_GCC44/X64/StdLib/LibC/Stdio/Stdio/OUTPUT/vsprintf.obj
/home/student/nseiger/CS385/EFI/Sonoma_edk2/Build/AppPkg/DEBUG_GCC44/X64/StdLib/LibC/Stdio/Stdio/OUTPUT/snprintf.obj
/home/student/nseiger/CS385/EFI/Sonoma_edk2/Build/AppPkg/DEBUG_GCC44/X64/StdLib/LibC/Stdio/Stdio/OUTPUT/vsnprintf.obj
/home/student/nseiger/CS385/EFI/Sonoma_edk2/Build/AppPkg/DEBUG_GCC44/X64/StdLib/LibC/Stdio/Stdio/OUTPUT/fparseln.obj
/home/student/nseiger/CS385/EFI/Sonoma_edk2/Build/AppPkg/DEBUG_GCC44/X64/StdLib/LibC/Stdio/Stdio/OUTPUT/fgetwc.obj
/home/student/nseiger/CS385/EFI/Sonoma_edk2/Build/AppPkg/DEBUG_GCC44/X64/StdLib/LibC/Stdio/Stdio/OUTPUT/fgetws.obj
/home/student/nseiger/CS385/EFI/Sonoma_edk2/Build/AppPkg/DEBUG_GCC44/X64/StdLib/LibC/Stdio/Stdio/OUTPUT/fputwc.obj
/home/student/nseiger/CS385/EFI/Sonoma_edk2/Build/AppPkg/DEBUG_GCC44/X64/StdLib/LibC/Stdio/Stdio/OUTPUT/fputws.obj
/home/student/nseiger/CS385/EFI/Sonoma_edk2/Build/AppPkg/DEBUG_GCC44/X64/StdLib/LibC/Stdio/Stdio/OUTPUT/fwide.obj
/home/student/nseiger/CS385/EFI/Sonoma_edk2/Build/AppPkg/DEBUG_GCC44/X64/StdLib/LibC/Stdio/Stdio/OUTPUT/fwprintf.obj
/home/student/nseiger/CS385/EFI/Sonoma_edk2/Build/AppPkg/DEBUG_GCC44/X64/StdLib/LibC/Stdio/Stdio/OUTPUT/fwscanf.obj
/home/student/nseiger/CS385/EFI/Sonoma_edk2/Build/AppPkg/DEBUG_GCC44/X64/StdLib/LibC/Stdio/Stdio/OUTPUT/getwc.obj
/home/student/nseiger/CS385/EFI/Sonoma_edk2/Build/AppPkg/DEBUG_GCC44/X64/StdLib/LibC/Stdio/Stdio/OUTPUT/getwchar.obj
/home/student/nseiger/CS385/EFI/Sonoma_edk2/Build/AppPkg/DEBUG_GCC44/X64/StdLib/LibC/Stdio/Stdio/OUTPUT/putwc.obj
/home/student/nseiger/CS385/EFI/Sonoma_edk2/Build/AppPkg/DEBUG_GCC44/X64/StdLib/LibC/Stdio/Stdio/OUTPUT/putwchar.obj
/home/student/nseiger/CS385/EFI/Sonoma_edk2/Build/AppPkg/DEBUG_GCC44/X64/StdLib/LibC/Stdio/Stdio/OUTPUT/swprintf.obj
/home/student/nseiger/CS385/EFI/Sonoma_edk2/Build/AppPkg/DEBUG_GCC44/X64/StdLib/LibC/Stdio/Stdio/OUTPUT/swscanf.obj
/home/student/nseiger/CS385/EFI/Sonoma_edk2/Build/AppPkg/DEBUG_GCC44/X64/StdLib/LibC/Stdio/Stdio/OUTPUT/ungetwc.obj
/home/student/nseiger/CS385/EFI/Sonoma_edk2/Build/AppPkg/DEBUG_GCC44/X64/StdLib/LibC/Stdio/Stdio/OUTPUT/vfwscanf.obj
/home/student/nseiger/CS385/EFI/Sonoma_edk2/Build/AppPkg/DEBUG_GCC44/X64/StdLib/LibC/Stdio/Stdio/OUTPUT/vswprintf.obj
/home/student/nseiger/CS385/EFI/Sonoma_edk2/Build/AppPkg/DEBUG_GCC44/X64/StdLib/LibC/Stdio/Stdio/OUTPUT/vswscanf.obj
/home/student/nseiger/CS385/EFI/Sonoma_edk2/Build/AppPkg/DEBUG_GCC44/X64/StdLib/LibC/Stdio/Stdio/OUTPUT/vwprintf.obj
/home/student/nseiger/CS385/EFI/Sonoma_edk2/Build/AppPkg/DEBUG_GCC44/X64/StdLib/LibC/Stdio/Stdio/OUTPUT/vwscanf.obj
/home/student/nseiger/CS385/EFI/Sonoma_edk2/Build/AppPkg/DEBUG_GCC44/X64/StdLib/LibC/Stdio/Stdio/OUTPUT/wprintf.obj
/home/student/nseiger/CS385/EFI/Sonoma_edk2/Build/AppPkg/DEBUG_GCC44/X64/StdLib/LibC/Stdio/Stdio/OUTPUT/wscanf.obj
/home/student/nseiger/CS385/EFI/Sonoma_edk2/Build/AppPkg/DEBUG_GCC44/X64/StdLib/LibC/Stdio/Stdio/OUTPUT/fgetstr.obj
/home/student/nseiger/CS385/EFI/Sonoma_edk2/Build/AppPkg/DEBUG_GCC44/X64/StdLib/LibC/Stdio/Stdio/OUTPUT/findfp.obj
/home/student/nseiger/CS385/EFI/Sonoma_edk2/Build/AppPkg/DEBUG_GCC44/X64/StdLib/LibC/Stdio/Stdio/OUTPUT/flags.obj
/home/student/nseiger/CS385/EFI/Sonoma_edk2/Build/AppPkg/DEBUG_GCC44/X64/StdLib/LibC/Stdio/Stdio/OUTPUT/fseeko.obj
/home/student/nseiger/CS385/EFI/Sonoma_edk2/Build/AppPkg/DEBUG_GCC44/X64/StdLib/LibC/Stdio/Stdio/OUTPUT/ftello.obj
/home/student/nseiger/CS385/EFI/Sonoma_edk2/Build/AppPkg/DEBUG_GCC44/X64/StdLib/LibC/Stdio/Stdio/OUTPUT/fvwrite.obj
/home/student/nseiger/CS385/EFI/Sonoma_edk2/Build/AppPkg/DEBUG_GCC44/X64/StdLib/LibC/Stdio/Stdio/OUTPUT/fwalk.obj
/home/student/nseiger/CS385/EFI/Sonoma_edk2/Build/AppPkg/DEBUG_GCC44/X64/StdLib/LibC/Stdio/Stdio/OUTPUT/gettemp.obj
/home/student/nseiger/CS385/EFI/Sonoma_edk2/Build/AppPkg/DEBUG_GCC44/X64/StdLib/LibC/Stdio/Stdio/OUTPUT/makebuf.obj
/home/student/nseiger/CS385/EFI/Sonoma_edk2/Build/AppPkg/DEBUG_GCC44/X64/StdLib/LibC/Stdio/Stdio/OUTPUT/mkstemp.obj
/home/student/nseiger/CS385/EFI/Sonoma_edk2/Build/AppPkg/DEBUG_GCC44/X64/StdLib/LibC/Stdio/Stdio/OUTPUT/mktemp.obj
/home/student/nseiger/CS385/EFI/Sonoma_edk2/Build/AppPkg/DEBUG_GCC44/X64/StdLib/LibC/Stdio/Stdio/OUTPUT/refill.obj
/home/student/nseiger/CS385/EFI/Sonoma_edk2/Build/AppPkg/DEBUG_GCC44/X64/StdLib/LibC/Stdio/Stdio/OUTPUT/rget.obj
/home/student/nseiger/CS385/EFI/Sonoma_edk2/Build/AppPkg/DEBUG_GCC44/X64/StdLib/LibC/Stdio/Stdio/OUTPUT/stdio.obj
/home/student/nseiger/CS385/EFI/Sonoma_edk2/Build/AppPkg/DEBUG_GCC44/X64/StdLib/LibC/Stdio/Stdio/OUTPUT/vfscanf.obj
/home/student/nseiger/CS385/EFI/Sonoma_edk2/Build/AppPkg/DEBUG_GCC44/X64/StdLib/LibC/Stdio/Stdio/OUTPUT/wbuf.obj
/home/student/nseiger/CS385/EFI/Sonoma_edk2/Build/AppPkg/DEBUG_GCC44/X64/StdLib/LibC/Stdio/Stdio/OUTPUT/wsetup.obj