This file contains any messages produced by compilers while
running configure, to aid debugging if configure makes a mistake.

It was created by configure, which was
generated by GNU Autoconf 2.69.  Invocation command line was

  $ ./configure --prefix /dir/local

## --------- ##
## Platform. ##
## --------- ##

hostname = blue.cs.sonoma.edu
uname -m = x86_64
uname -r = 4.2.8-200.fc22.x86_64
uname -s = Linux
uname -v = #1 SMP Tue Dec 15 16:50:23 UTC 2015

/usr/bin/uname -p = x86_64
/bin/uname -X     = unknown

/bin/arch              = x86_64
/usr/bin/arch -k       = unknown
/usr/convex/getsysinfo = unknown
/usr/bin/hostinfo      = unknown
/bin/machine           = unknown
/usr/bin/oslevel       = unknown
/bin/universe          = unknown

PATH: /home/student/nseiger/CS385/EFI/Sonoma_edk2/BaseTools/BinWrappers/PosixLike
PATH: /home/student/nseiger/CS385/EFI/Sonoma_edk2/nasm-2.12.01
PATH: /home/student/nseiger/local/bin
PATH: /home/student/nseiger/local/bin
PATH: /usr/lib64/ccache
PATH: /usr/local/bin
PATH: /usr/bin
PATH: /usr/local/sbin
PATH: /usr/sbin
PATH: /home/student/nseiger/.local/bin
PATH: /home/student/nseiger/bin


## ----------- ##
## Core tests. ##
## ----------- ##

configure:2347: checking for gcc
configure:2363: found /usr/lib64/ccache/gcc
configure:2374: result: gcc
configure:2603: checking for C compiler version
configure:2612: gcc --version >&5
gcc (GCC) 5.3.1 20151207 (Red Hat 5.3.1-2)
Copyright (C) 2015 Free Software Foundation, Inc.
This is free software; see the source for copying conditions.  There is NO
warranty; not even for MERCHANTABILITY or FITNESS FOR A PARTICULAR PURPOSE.

configure:2623: $? = 0
configure:2612: gcc -v >&5
Using built-in specs.
COLLECT_GCC=/usr/bin/gcc
COLLECT_LTO_WRAPPER=/usr/libexec/gcc/x86_64-redhat-linux/5.3.1/lto-wrapper
Target: x86_64-redhat-linux
Configured with: ../configure --enable-bootstrap --enable-languages=c,c++,objc,obj-c++,fortran,ada,go,lto --prefix=/usr --mandir=/usr/share/man --infodir=/usr/share/info --with-bugurl=http://bugzilla.redhat.com/bugzilla --enable-shared --enable-threads=posix --enable-checking=release --enable-multilib --with-system-zlib --enable-__cxa_atexit --disable-libunwind-exceptions --enable-gnu-unique-object --enable-linker-build-id --with-linker-hash-style=gnu --enable-plugin --enable-initfini-array --disable-libgcj --with-default-libstdcxx-abi=gcc4-compatible --with-isl --enable-libmpx --enable-gnu-indirect-function --with-tune=generic --with-arch_32=i686 --build=x86_64-redhat-linux
Thread model: posix
gcc version 5.3.1 20151207 (Red Hat 5.3.1-2) (GCC) 
configure:2623: $? = 0
configure:2612: gcc -V >&5
gcc: error: unrecognized command line option '-V'
gcc: fatal error: no input files
compilation terminated.
configure:2623: $? = 1
configure:2612: gcc -qversion >&5
gcc: error: unrecognized command line option '-qversion'
gcc: fatal error: no input files
compilation terminated.
configure:2623: $? = 1
configure:2643: checking whether the C compiler works
configure:2665: gcc    conftest.c  >&5
configure:2669: $? = 0
configure:2717: result: yes
configure:2720: checking for C compiler default output file name
configure:2722: result: a.out
configure:2728: checking for suffix of executables
configure:2735: gcc -o conftest    conftest.c  >&5
configure:2739: $? = 0
configure:2761: result: 
configure:2783: checking whether we are cross compiling
configure:2791: gcc -o conftest    conftest.c  >&5
configure:2795: $? = 0
configure:2802: ./conftest
configure:2806: $? = 0
configure:2821: result: no
configure:2826: checking for suffix of object files
configure:2848: gcc -c   conftest.c >&5
configure:2852: $? = 0
configure:2873: result: o
configure:2877: checking whether we are using the GNU C compiler
configure:2896: gcc -c   conftest.c >&5
configure:2896: $? = 0
configure:2905: result: yes
configure:2914: checking whether gcc accepts -g
configure:2934: gcc -c -g  conftest.c >&5
configure:2934: $? = 0
configure:2975: result: yes
configure:2992: checking for gcc option to accept ISO C89
configure:3055: gcc  -c -g -O2  conftest.c >&5
configure:3055: $? = 0
configure:3068: result: none needed
configure:3094: checking how to run the C preprocessor
configure:3125: gcc -E  conftest.c
configure:3125: $? = 0
configure:3139: gcc -E  conftest.c
conftest.c:9:28: fatal error: ac_nonexistent.h: No such file or directory
compilation terminated.
configure:3139: $? = 1
configure: failed program was:
| /* confdefs.h */
| #define PACKAGE_NAME ""
| #define PACKAGE_TARNAME ""
| #define PACKAGE_VERSION ""
| #define PACKAGE_STRING ""
| #define PACKAGE_BUGREPORT ""
| #define PACKAGE_URL ""
| /* end confdefs.h.  */
| #include <ac_nonexistent.h>
configure:3164: result: gcc -E
configure:3184: gcc -E  conftest.c
configure:3184: $? = 0
configure:3198: gcc -E  conftest.c
conftest.c:9:28: fatal error: ac_nonexistent.h: No such file or directory
compilation terminated.
configure:3198: $? = 1
configure: failed program was:
| /* confdefs.h */
| #define PACKAGE_NAME ""
| #define PACKAGE_TARNAME ""
| #define PACKAGE_VERSION ""
| #define PACKAGE_STRING ""
| #define PACKAGE_BUGREPORT ""
| #define PACKAGE_URL ""
| /* end confdefs.h.  */
| #include <ac_nonexistent.h>
configure:3227: checking for grep that handles long lines and -e
configure:3285: result: /usr/bin/grep
configure:3290: checking for egrep
configure:3352: result: /usr/bin/grep -E
configure:3357: checking for ANSI C header files
configure:3377: gcc -c -g -O2  conftest.c >&5
configure:3377: $? = 0
configure:3450: gcc -o conftest -g -O2   conftest.c  >&5
configure:3450: $? = 0
configure:3450: ./conftest
configure:3450: $? = 0
configure:3461: result: yes
configure:3474: checking for sys/types.h
configure:3474: gcc -c -g -O2  conftest.c >&5
configure:3474: $? = 0
configure:3474: result: yes
configure:3474: checking for sys/stat.h
configure:3474: gcc -c -g -O2  conftest.c >&5
configure:3474: $? = 0
configure:3474: result: yes
configure:3474: checking for stdlib.h
configure:3474: gcc -c -g -O2  conftest.c >&5
configure:3474: $? = 0
configure:3474: result: yes
configure:3474: checking for string.h
configure:3474: gcc -c -g -O2  conftest.c >&5
configure:3474: $? = 0
configure:3474: result: yes
configure:3474: checking for memory.h
configure:3474: gcc -c -g -O2  conftest.c >&5
configure:3474: $? = 0
configure:3474: result: yes
configure:3474: checking for strings.h
configure:3474: gcc -c -g -O2  conftest.c >&5
configure:3474: $? = 0
configure:3474: result: yes
configure:3474: checking for inttypes.h
configure:3474: gcc -c -g -O2  conftest.c >&5
configure:3474: $? = 0
configure:3474: result: yes
configure:3474: checking for stdint.h
configure:3474: gcc -c -g -O2  conftest.c >&5
configure:3474: $? = 0
configure:3474: result: yes
configure:3474: checking for unistd.h
configure:3474: gcc -c -g -O2  conftest.c >&5
configure:3474: $? = 0
configure:3474: result: yes
configure:3487: checking minix/config.h usability
configure:3487: gcc -c -g -O2  conftest.c >&5
conftest.c:52:26: fatal error: minix/config.h: No such file or directory
compilation terminated.
configure:3487: $? = 1
configure: failed program was:
| /* confdefs.h */
| #define PACKAGE_NAME ""
| #define PACKAGE_TARNAME ""
| #define PACKAGE_VERSION ""
| #define PACKAGE_STRING ""
| #define PACKAGE_BUGREPORT ""
| #define PACKAGE_URL ""
| #define STDC_HEADERS 1
| #define HAVE_SYS_TYPES_H 1
| #define HAVE_SYS_STAT_H 1
| #define HAVE_STDLIB_H 1
| #define HAVE_STRING_H 1
| #define HAVE_MEMORY_H 1
| #define HAVE_STRINGS_H 1
| #define HAVE_INTTYPES_H 1
| #define HAVE_STDINT_H 1
| #define HAVE_UNISTD_H 1
| /* end confdefs.h.  */
| #include <stdio.h>
| #ifdef HAVE_SYS_TYPES_H
| # include <sys/types.h>
| #endif
| #ifdef HAVE_SYS_STAT_H
| # include <sys/stat.h>
| #endif
| #ifdef STDC_HEADERS
| # include <stdlib.h>
| # include <stddef.h>
| #else
| # ifdef HAVE_STDLIB_H
| #  include <stdlib.h>
| # endif
| #endif
| #ifdef HAVE_STRING_H
| # if !defined STDC_HEADERS && defined HAVE_MEMORY_H
| #  include <memory.h>
| # endif
| # include <string.h>
| #endif
| #ifdef HAVE_STRINGS_H
| # include <strings.h>
| #endif
| #ifdef HAVE_INTTYPES_H
| # include <inttypes.h>
| #endif
| #ifdef HAVE_STDINT_H
| # include <stdint.h>
| #endif
| #ifdef HAVE_UNISTD_H
| # include <unistd.h>
| #endif
| #include <minix/config.h>
configure:3487: result: no
configure:3487: checking minix/config.h presence
configure:3487: gcc -E  conftest.c
conftest.c:19:26: fatal error: minix/config.h: No such file or directory
compilation terminated.
configure:3487: $? = 1
configure: failed program was:
| /* confdefs.h */
| #define PACKAGE_NAME ""
| #define PACKAGE_TARNAME ""
| #define PACKAGE_VERSION ""
| #define PACKAGE_STRING ""
| #define PACKAGE_BUGREPORT ""
| #define PACKAGE_URL ""
| #define STDC_HEADERS 1
| #define HAVE_SYS_TYPES_H 1
| #define HAVE_SYS_STAT_H 1
| #define HAVE_STDLIB_H 1
| #define HAVE_STRING_H 1
| #define HAVE_MEMORY_H 1
| #define HAVE_STRINGS_H 1
| #define HAVE_INTTYPES_H 1
| #define HAVE_STDINT_H 1
| #define HAVE_UNISTD_H 1
| /* end confdefs.h.  */
| #include <minix/config.h>
configure:3487: result: no
configure:3487: checking for minix/config.h
configure:3487: result: no
configure:3508: checking whether it is safe to define __EXTENSIONS__
configure:3526: gcc -c -g -O2  conftest.c >&5
configure:3526: $? = 0
configure:3533: result: yes
configure:3554: checking for special C compiler options needed for large files
configure:3599: result: no
configure:3605: checking for _FILE_OFFSET_BITS value needed for large files
configure:3630: gcc -c -g -O2  conftest.c >&5
configure:3630: $? = 0
configure:3662: result: no
configure:3795: checking for gcc
configure:3822: result: gcc
configure:4051: checking for C compiler version
configure:4060: gcc --version >&5
gcc (GCC) 5.3.1 20151207 (Red Hat 5.3.1-2)
Copyright (C) 2015 Free Software Foundation, Inc.
This is free software; see the source for copying conditions.  There is NO
warranty; not even for MERCHANTABILITY or FITNESS FOR A PARTICULAR PURPOSE.

configure:4071: $? = 0
configure:4060: gcc -v >&5
Using built-in specs.
COLLECT_GCC=/usr/bin/gcc
COLLECT_LTO_WRAPPER=/usr/libexec/gcc/x86_64-redhat-linux/5.3.1/lto-wrapper
Target: x86_64-redhat-linux
Configured with: ../configure --enable-bootstrap --enable-languages=c,c++,objc,obj-c++,fortran,ada,go,lto --prefix=/usr --mandir=/usr/share/man --infodir=/usr/share/info --with-bugurl=http://bugzilla.redhat.com/bugzilla --enable-shared --enable-threads=posix --enable-checking=release --enable-multilib --with-system-zlib --enable-__cxa_atexit --disable-libunwind-exceptions --enable-gnu-unique-object --enable-linker-build-id --with-linker-hash-style=gnu --enable-plugin --enable-initfini-array --disable-libgcj --with-default-libstdcxx-abi=gcc4-compatible --with-isl --enable-libmpx --enable-gnu-indirect-function --with-tune=generic --with-arch_32=i686 --build=x86_64-redhat-linux
Thread model: posix
gcc version 5.3.1 20151207 (Red Hat 5.3.1-2) (GCC) 
configure:4071: $? = 0
configure:4060: gcc -V >&5
gcc: error: unrecognized command line option '-V'
gcc: fatal error: no input files
compilation terminated.
configure:4071: $? = 1
configure:4060: gcc -qversion >&5
gcc: error: unrecognized command line option '-qversion'
gcc: fatal error: no input files
compilation terminated.
configure:4071: $? = 1
configure:4075: checking whether we are using the GNU C compiler
configure:4103: result: yes
configure:4112: checking whether gcc accepts -g
configure:4173: result: yes
configure:4190: checking for gcc option to accept ISO C89
configure:4266: result: none needed
configure:4286: checking whether ln -s works
configure:4290: result: yes
configure:4297: checking whether make sets $(MAKE)
configure:4319: result: yes
configure:4417: checking for a BSD-compatible install
configure:4485: result: /usr/bin/install -c
configure:4497: checking for an ANSI C-conforming const
configure:4563: gcc -c -g -O2  conftest.c >&5
configure:4563: $? = 0
configure:4570: result: yes
configure:4578: checking for inline
configure:4594: gcc -c -g -O2  conftest.c >&5
configure:4594: $? = 0
configure:4602: result: inline
configure:4620: checking for C/C++ restrict keyword
configure:4645: gcc -c -g -O2  conftest.c >&5
configure:4645: $? = 0
configure:4653: result: __restrict
configure:4666: checking for size_t
configure:4666: gcc -c -g -O2  conftest.c >&5
configure:4666: $? = 0
configure:4666: gcc -c -g -O2  conftest.c >&5
conftest.c: In function 'main':
conftest.c:61:21: error: expected expression before ')' token
 if (sizeof ((size_t)))
                     ^
configure:4666: $? = 1
configure: failed program was:
| /* confdefs.h */
| #define PACKAGE_NAME ""
| #define PACKAGE_TARNAME ""
| #define PACKAGE_VERSION ""
| #define PACKAGE_STRING ""
| #define PACKAGE_BUGREPORT ""
| #define PACKAGE_URL ""
| #define STDC_HEADERS 1
| #define HAVE_SYS_TYPES_H 1
| #define HAVE_SYS_STAT_H 1
| #define HAVE_STDLIB_H 1
| #define HAVE_STRING_H 1
| #define HAVE_MEMORY_H 1
| #define HAVE_STRINGS_H 1
| #define HAVE_INTTYPES_H 1
| #define HAVE_STDINT_H 1
| #define HAVE_UNISTD_H 1
| #define __EXTENSIONS__ 1
| #define _ALL_SOURCE 1
| #define _GNU_SOURCE 1
| #define _POSIX_PTHREAD_SEMANTICS 1
| #define _TANDEM_SOURCE 1
| #define restrict __restrict
| /* end confdefs.h.  */
| #include <stdio.h>
| #ifdef HAVE_SYS_TYPES_H
| # include <sys/types.h>
| #endif
| #ifdef HAVE_SYS_STAT_H
| # include <sys/stat.h>
| #endif
| #ifdef STDC_HEADERS
| # include <stdlib.h>
| # include <stddef.h>
| #else
| # ifdef HAVE_STDLIB_H
| #  include <stdlib.h>
| # endif
| #endif
| #ifdef HAVE_STRING_H
| # if !defined STDC_HEADERS && defined HAVE_MEMORY_H
| #  include <memory.h>
| # endif
| # include <string.h>
| #endif
| #ifdef HAVE_STRINGS_H
| # include <strings.h>
| #endif
| #ifdef HAVE_INTTYPES_H
| # include <inttypes.h>
| #endif
| #ifdef HAVE_STDINT_H
| # include <stdint.h>
| #endif
| #ifdef HAVE_UNISTD_H
| # include <unistd.h>
| #endif
| int
| main ()
| {
| if (sizeof ((size_t)))
| 	    return 0;
|   ;
|   return 0;
| }
configure:4666: result: yes
configure:4677: checking if gcc has a working bool type
configure:4691: gcc -c -g -O2  conftest.c >&5
configure:4691: $? = 0
configure:4692: result: yes
configure:4703: checking whether byte ordering is bigendian
configure:4718: gcc -c -g -O2  conftest.c >&5
conftest.c:27:9: error: unknown type name 'not'
         not a universal capable compiler
         ^
conftest.c:27:15: error: expected '=', ',', ';', 'asm' or '__attribute__' before 'universal'
         not a universal capable compiler
               ^
conftest.c:27:15: error: unknown type name 'universal'
configure:4718: $? = 1
configure: failed program was:
| /* confdefs.h */
| #define PACKAGE_NAME ""
| #define PACKAGE_TARNAME ""
| #define PACKAGE_VERSION ""
| #define PACKAGE_STRING ""
| #define PACKAGE_BUGREPORT ""
| #define PACKAGE_URL ""
| #define STDC_HEADERS 1
| #define HAVE_SYS_TYPES_H 1
| #define HAVE_SYS_STAT_H 1
| #define HAVE_STDLIB_H 1
| #define HAVE_STRING_H 1
| #define HAVE_MEMORY_H 1
| #define HAVE_STRINGS_H 1
| #define HAVE_INTTYPES_H 1
| #define HAVE_STDINT_H 1
| #define HAVE_UNISTD_H 1
| #define __EXTENSIONS__ 1
| #define _ALL_SOURCE 1
| #define _GNU_SOURCE 1
| #define _POSIX_PTHREAD_SEMANTICS 1
| #define _TANDEM_SOURCE 1
| #define restrict __restrict
| #define HAVE_WORKING_BOOL 1
| /* end confdefs.h.  */
| #ifndef __APPLE_CC__
| 	       not a universal capable compiler
| 	     #endif
| 	     typedef int dummy;
| 
configure:4763: gcc -c -g -O2  conftest.c >&5
configure:4763: $? = 0
configure:4781: gcc -c -g -O2  conftest.c >&5
conftest.c: In function 'main':
conftest.c:33:4: error: unknown type name 'not'
    not big endian
    ^
conftest.c:33:12: error: expected '=', ',', ';', 'asm' or '__attribute__' before 'endian'
    not big endian
            ^
configure:4781: $? = 1
configure: failed program was:
| /* confdefs.h */
| #define PACKAGE_NAME ""
| #define PACKAGE_TARNAME ""
| #define PACKAGE_VERSION ""
| #define PACKAGE_STRING ""
| #define PACKAGE_BUGREPORT ""
| #define PACKAGE_URL ""
| #define STDC_HEADERS 1
| #define HAVE_SYS_TYPES_H 1
| #define HAVE_SYS_STAT_H 1
| #define HAVE_STDLIB_H 1
| #define HAVE_STRING_H 1
| #define HAVE_MEMORY_H 1
| #define HAVE_STRINGS_H 1
| #define HAVE_INTTYPES_H 1
| #define HAVE_STDINT_H 1
| #define HAVE_UNISTD_H 1
| #define __EXTENSIONS__ 1
| #define _ALL_SOURCE 1
| #define _GNU_SOURCE 1
| #define _POSIX_PTHREAD_SEMANTICS 1
| #define _TANDEM_SOURCE 1
| #define restrict __restrict
| #define HAVE_WORKING_BOOL 1
| /* end confdefs.h.  */
| #include <sys/types.h>
| 		#include <sys/param.h>
| 
| int
| main ()
| {
| #if BYTE_ORDER != BIG_ENDIAN
| 		 not big endian
| 		#endif
| 
|   ;
|   return 0;
| }
configure:4909: result: no
configure:4931: checking if gcc accepts -W
configure:4946: gcc -o conftest -g -O2 -W   conftest.c  >&5
configure:4946: $? = 0
configure:4947: result: yes
configure:4957: checking if gcc accepts -Wall
configure:4972: gcc -o conftest -g -O2 -W -Wall   conftest.c  >&5
configure:4972: $? = 0
configure:4973: result: yes
configure:4983: checking if gcc accepts -std=c99
configure:4998: gcc -o conftest -g -O2 -W -Wall -std=c99   conftest.c  >&5
configure:4998: $? = 0
configure:4999: result: yes
configure:5009: checking if gcc accepts -fwrapv
configure:5024: gcc -o conftest -g -O2 -W -Wall -std=c99 -fwrapv   conftest.c  >&5
configure:5024: $? = 0
configure:5025: result: yes
configure:5040: checking for nroff
configure:5056: found /usr/bin/nroff
configure:5067: result: nroff
configure:5083: checking for asciidoc
configure:5113: result: no
configure:5126: checking for xmlto
configure:5156: result: no
configure:5169: checking for acrodist
configure:5199: result: no
configure:5212: checking for ps2pdf
configure:5228: found /usr/bin/ps2pdf
configure:5239: result: ps2pdf
configure:5255: checking for pstopdf
configure:5285: result: no
configure:5296: WARNING: No acsciidoc package found
configure:5300: WARNING: No xmlto package found
configure:5304: checking for ANSI C header files
configure:5408: result: yes
configure:5422: checking limits.h usability
configure:5422: gcc -c -g -O2 -W -Wall -std=c99 -fwrapv  conftest.c >&5
configure:5422: $? = 0
configure:5422: result: yes
configure:5422: checking limits.h presence
configure:5422: gcc -E  conftest.c
configure:5422: $? = 0
configure:5422: result: yes
configure:5422: checking for limits.h
configure:5422: result: yes
configure:5438: checking for inttypes.h
configure:5438: result: yes
configure:5453: checking for strings.h
configure:5453: result: yes
configure:5466: checking stdbool.h usability
configure:5466: gcc -c -g -O2 -W -Wall -std=c99 -fwrapv  conftest.c >&5
configure:5466: $? = 0
configure:5466: result: yes
configure:5466: checking stdbool.h presence
configure:5466: gcc -E  conftest.c
configure:5466: $? = 0
configure:5466: result: yes
configure:5466: checking for stdbool.h
configure:5466: result: yes
configure:5479: checking for unistd.h
configure:5479: result: yes
configure:5492: checking sys/param.h usability
configure:5492: gcc -c -g -O2 -W -Wall -std=c99 -fwrapv  conftest.c >&5
configure:5492: $? = 0
configure:5492: result: yes
configure:5492: checking sys/param.h presence
configure:5492: gcc -E  conftest.c
configure:5492: $? = 0
configure:5492: result: yes
configure:5492: checking for sys/param.h
configure:5492: result: yes
configure:5507: checking for strcspn
configure:5507: gcc -o conftest -g -O2 -W -Wall -std=c99 -fwrapv   conftest.c  >&5
conftest.c:57:6: warning: conflicting types for built-in function 'strcspn'
 char strcspn ();
      ^
configure:5507: $? = 0
configure:5507: result: yes
configure:5521: checking for strspn
configure:5521: gcc -o conftest -g -O2 -W -Wall -std=c99 -fwrapv   conftest.c  >&5
conftest.c:58:6: warning: conflicting types for built-in function 'strspn'
 char strspn ();
      ^
configure:5521: $? = 0
configure:5521: result: yes
configure:5537: checking for vsnprintf
configure:5537: gcc -o conftest -g -O2 -W -Wall -std=c99 -fwrapv   conftest.c  >&5
conftest.c:59:6: warning: conflicting types for built-in function 'vsnprintf'
 char vsnprintf ();
      ^
configure:5537: $? = 0
configure:5537: result: yes
configure:5537: checking for _vsnprintf
configure:5537: gcc -o conftest -g -O2 -W -Wall -std=c99 -fwrapv   conftest.c  >&5
/tmp/ccLCPtAa.o: In function `main':
/home/student/nseiger/CS385/EFI/Sonoma_edk2/nasm-2.12.01/conftest.c:71: undefined reference to `_vsnprintf'
collect2: error: ld returned 1 exit status
configure:5537: $? = 1
configure: failed program was:
| /* confdefs.h */
| #define PACKAGE_NAME ""
| #define PACKAGE_TARNAME ""
| #define PACKAGE_VERSION ""
| #define PACKAGE_STRING ""
| #define PACKAGE_BUGREPORT ""
| #define PACKAGE_URL ""
| #define STDC_HEADERS 1
| #define HAVE_SYS_TYPES_H 1
| #define HAVE_SYS_STAT_H 1
| #define HAVE_STDLIB_H 1
| #define HAVE_STRING_H 1
| #define HAVE_MEMORY_H 1
| #define HAVE_STRINGS_H 1
| #define HAVE_INTTYPES_H 1
| #define HAVE_STDINT_H 1
| #define HAVE_UNISTD_H 1
| #define __EXTENSIONS__ 1
| #define _ALL_SOURCE 1
| #define _GNU_SOURCE 1
| #define _POSIX_PTHREAD_SEMANTICS 1
| #define _TANDEM_SOURCE 1
| #define restrict __restrict
| #define HAVE_WORKING_BOOL 1
| #define WORDS_LITTLEENDIAN 1
| #define STDC_HEADERS 1
| #define HAVE_LIMITS_H 1
| #define HAVE_INTTYPES_H 1
| #define HAVE_STRINGS_H 1
| #define HAVE_STDBOOL_H 1
| #define HAVE_UNISTD_H 1
| #define HAVE_SYS_PARAM_H 1
| #define HAVE_STRCSPN 1
| #define HAVE_STRSPN 1
| #define HAVE_VSNPRINTF 1
| /* end confdefs.h.  */
| /* Define _vsnprintf to an innocuous variant, in case <limits.h> declares _vsnprintf.
|    For example, HP-UX 11i <limits.h> declares gettimeofday.  */
| #define _vsnprintf innocuous__vsnprintf
| 
| /* System header to define __stub macros and hopefully few prototypes,
|     which can conflict with char _vsnprintf (); below.
|     Prefer <limits.h> to <assert.h> if __STDC__ is defined, since
|     <limits.h> exists even on freestanding compilers.  */
| 
| #ifdef __STDC__
| # include <limits.h>
| #else
| # include <assert.h>
| #endif
| 
| #undef _vsnprintf
| 
| /* Override any GCC internal prototype to avoid an error.
|    Use char because int might match the return type of a GCC
|    builtin and then its argument prototype would still apply.  */
| #ifdef __cplusplus
| extern "C"
| #endif
| char _vsnprintf ();
| /* The GNU C library defines this for functions which it implements
|     to always fail with ENOSYS.  Some functions are actually named
|     something starting with __ and the normal name is an alias.  */
| #if defined __stub__vsnprintf || defined __stub____vsnprintf
| choke me
| #endif
| 
| int
| main ()
| {
| return _vsnprintf ();
|   ;
|   return 0;
| }
configure:5537: result: no
configure:5554: checking for snprintf
configure:5554: gcc -o conftest -g -O2 -W -Wall -std=c99 -fwrapv   conftest.c  >&5
conftest.c:60:6: warning: conflicting types for built-in function 'snprintf'
 char snprintf ();
      ^
configure:5554: $? = 0
configure:5554: result: yes
configure:5554: checking for _snprintf
configure:5554: gcc -o conftest -g -O2 -W -Wall -std=c99 -fwrapv   conftest.c  >&5
/tmp/ccZazl9h.o: In function `main':
/home/student/nseiger/CS385/EFI/Sonoma_edk2/nasm-2.12.01/conftest.c:72: undefined reference to `_snprintf'
collect2: error: ld returned 1 exit status
configure:5554: $? = 1
configure: failed program was:
| /* confdefs.h */
| #define PACKAGE_NAME ""
| #define PACKAGE_TARNAME ""
| #define PACKAGE_VERSION ""
| #define PACKAGE_STRING ""
| #define PACKAGE_BUGREPORT ""
| #define PACKAGE_URL ""
| #define STDC_HEADERS 1
| #define HAVE_SYS_TYPES_H 1
| #define HAVE_SYS_STAT_H 1
| #define HAVE_STDLIB_H 1
| #define HAVE_STRING_H 1
| #define HAVE_MEMORY_H 1
| #define HAVE_STRINGS_H 1
| #define HAVE_INTTYPES_H 1
| #define HAVE_STDINT_H 1
| #define HAVE_UNISTD_H 1
| #define __EXTENSIONS__ 1
| #define _ALL_SOURCE 1
| #define _GNU_SOURCE 1
| #define _POSIX_PTHREAD_SEMANTICS 1
| #define _TANDEM_SOURCE 1
| #define restrict __restrict
| #define HAVE_WORKING_BOOL 1
| #define WORDS_LITTLEENDIAN 1
| #define STDC_HEADERS 1
| #define HAVE_LIMITS_H 1
| #define HAVE_INTTYPES_H 1
| #define HAVE_STRINGS_H 1
| #define HAVE_STDBOOL_H 1
| #define HAVE_UNISTD_H 1
| #define HAVE_SYS_PARAM_H 1
| #define HAVE_STRCSPN 1
| #define HAVE_STRSPN 1
| #define HAVE_VSNPRINTF 1
| #define HAVE_SNPRINTF 1
| /* end confdefs.h.  */
| /* Define _snprintf to an innocuous variant, in case <limits.h> declares _snprintf.
|    For example, HP-UX 11i <limits.h> declares gettimeofday.  */
| #define _snprintf innocuous__snprintf
| 
| /* System header to define __stub macros and hopefully few prototypes,
|     which can conflict with char _snprintf (); below.
|     Prefer <limits.h> to <assert.h> if __STDC__ is defined, since
|     <limits.h> exists even on freestanding compilers.  */
| 
| #ifdef __STDC__
| # include <limits.h>
| #else
| # include <assert.h>
| #endif
| 
| #undef _snprintf
| 
| /* Override any GCC internal prototype to avoid an error.
|    Use char because int might match the return type of a GCC
|    builtin and then its argument prototype would still apply.  */
| #ifdef __cplusplus
| extern "C"
| #endif
| char _snprintf ();
| /* The GNU C library defines this for functions which it implements
|     to always fail with ENOSYS.  Some functions are actually named
|     something starting with __ and the normal name is an alias.  */
| #if defined __stub__snprintf || defined __stub____snprintf
| choke me
| #endif
| 
| int
| main ()
| {
| return _snprintf ();
|   ;
|   return 0;
| }
configure:5554: result: no
configure:5570: checking for strcasecmp
configure:5570: gcc -o conftest -g -O2 -W -Wall -std=c99 -fwrapv   conftest.c  >&5
configure:5570: $? = 0
configure:5570: result: yes
configure:5570: checking for stricmp
configure:5570: gcc -o conftest -g -O2 -W -Wall -std=c99 -fwrapv   conftest.c  >&5
/tmp/cctY0mft.o: In function `main':
/home/student/nseiger/CS385/EFI/Sonoma_edk2/nasm-2.12.01/conftest.c:73: undefined reference to `stricmp'
collect2: error: ld returned 1 exit status
configure:5570: $? = 1
configure: failed program was:
| /* confdefs.h */
| #define PACKAGE_NAME ""
| #define PACKAGE_TARNAME ""
| #define PACKAGE_VERSION ""
| #define PACKAGE_STRING ""
| #define PACKAGE_BUGREPORT ""
| #define PACKAGE_URL ""
| #define STDC_HEADERS 1
| #define HAVE_SYS_TYPES_H 1
| #define HAVE_SYS_STAT_H 1
| #define HAVE_STDLIB_H 1
| #define HAVE_STRING_H 1
| #define HAVE_MEMORY_H 1
| #define HAVE_STRINGS_H 1
| #define HAVE_INTTYPES_H 1
| #define HAVE_STDINT_H 1
| #define HAVE_UNISTD_H 1
| #define __EXTENSIONS__ 1
| #define _ALL_SOURCE 1
| #define _GNU_SOURCE 1
| #define _POSIX_PTHREAD_SEMANTICS 1
| #define _TANDEM_SOURCE 1
| #define restrict __restrict
| #define HAVE_WORKING_BOOL 1
| #define WORDS_LITTLEENDIAN 1
| #define STDC_HEADERS 1
| #define HAVE_LIMITS_H 1
| #define HAVE_INTTYPES_H 1
| #define HAVE_STRINGS_H 1
| #define HAVE_STDBOOL_H 1
| #define HAVE_UNISTD_H 1
| #define HAVE_SYS_PARAM_H 1
| #define HAVE_STRCSPN 1
| #define HAVE_STRSPN 1
| #define HAVE_VSNPRINTF 1
| #define HAVE_SNPRINTF 1
| #define HAVE_STRCASECMP 1
| /* end confdefs.h.  */
| /* Define stricmp to an innocuous variant, in case <limits.h> declares stricmp.
|    For example, HP-UX 11i <limits.h> declares gettimeofday.  */
| #define stricmp innocuous_stricmp
| 
| /* System header to define __stub macros and hopefully few prototypes,
|     which can conflict with char stricmp (); below.
|     Prefer <limits.h> to <assert.h> if __STDC__ is defined, since
|     <limits.h> exists even on freestanding compilers.  */
| 
| #ifdef __STDC__
| # include <limits.h>
| #else
| # include <assert.h>
| #endif
| 
| #undef stricmp
| 
| /* Override any GCC internal prototype to avoid an error.
|    Use char because int might match the return type of a GCC
|    builtin and then its argument prototype would still apply.  */
| #ifdef __cplusplus
| extern "C"
| #endif
| char stricmp ();
| /* The GNU C library defines this for functions which it implements
|     to always fail with ENOSYS.  Some functions are actually named
|     something starting with __ and the normal name is an alias.  */
| #if defined __stub_stricmp || defined __stub___stricmp
| choke me
| #endif
| 
| int
| main ()
| {
| return stricmp ();
|   ;
|   return 0;
| }
configure:5570: result: no
configure:5582: checking for strncasecmp
configure:5582: gcc -o conftest -g -O2 -W -Wall -std=c99 -fwrapv   conftest.c  >&5
configure:5582: $? = 0
configure:5582: result: yes
configure:5582: checking for strnicmp
configure:5582: gcc -o conftest -g -O2 -W -Wall -std=c99 -fwrapv   conftest.c  >&5
/tmp/ccNHOeAz.o: In function `main':
/home/student/nseiger/CS385/EFI/Sonoma_edk2/nasm-2.12.01/conftest.c:74: undefined reference to `strnicmp'
collect2: error: ld returned 1 exit status
configure:5582: $? = 1
configure: failed program was:
| /* confdefs.h */
| #define PACKAGE_NAME ""
| #define PACKAGE_TARNAME ""
| #define PACKAGE_VERSION ""
| #define PACKAGE_STRING ""
| #define PACKAGE_BUGREPORT ""
| #define PACKAGE_URL ""
| #define STDC_HEADERS 1
| #define HAVE_SYS_TYPES_H 1
| #define HAVE_SYS_STAT_H 1
| #define HAVE_STDLIB_H 1
| #define HAVE_STRING_H 1
| #define HAVE_MEMORY_H 1
| #define HAVE_STRINGS_H 1
| #define HAVE_INTTYPES_H 1
| #define HAVE_STDINT_H 1
| #define HAVE_UNISTD_H 1
| #define __EXTENSIONS__ 1
| #define _ALL_SOURCE 1
| #define _GNU_SOURCE 1
| #define _POSIX_PTHREAD_SEMANTICS 1
| #define _TANDEM_SOURCE 1
| #define restrict __restrict
| #define HAVE_WORKING_BOOL 1
| #define WORDS_LITTLEENDIAN 1
| #define STDC_HEADERS 1
| #define HAVE_LIMITS_H 1
| #define HAVE_INTTYPES_H 1
| #define HAVE_STRINGS_H 1
| #define HAVE_STDBOOL_H 1
| #define HAVE_UNISTD_H 1
| #define HAVE_SYS_PARAM_H 1
| #define HAVE_STRCSPN 1
| #define HAVE_STRSPN 1
| #define HAVE_VSNPRINTF 1
| #define HAVE_SNPRINTF 1
| #define HAVE_STRCASECMP 1
| #define HAVE_STRNCASECMP 1
| /* end confdefs.h.  */
| /* Define strnicmp to an innocuous variant, in case <limits.h> declares strnicmp.
|    For example, HP-UX 11i <limits.h> declares gettimeofday.  */
| #define strnicmp innocuous_strnicmp
| 
| /* System header to define __stub macros and hopefully few prototypes,
|     which can conflict with char strnicmp (); below.
|     Prefer <limits.h> to <assert.h> if __STDC__ is defined, since
|     <limits.h> exists even on freestanding compilers.  */
| 
| #ifdef __STDC__
| # include <limits.h>
| #else
| # include <assert.h>
| #endif
| 
| #undef strnicmp
| 
| /* Override any GCC internal prototype to avoid an error.
|    Use char because int might match the return type of a GCC
|    builtin and then its argument prototype would still apply.  */
| #ifdef __cplusplus
| extern "C"
| #endif
| char strnicmp ();
| /* The GNU C library defines this for functions which it implements
|     to always fail with ENOSYS.  Some functions are actually named
|     something starting with __ and the normal name is an alias.  */
| #if defined __stub_strnicmp || defined __stub___strnicmp
| choke me
| #endif
| 
| int
| main ()
| {
| return strnicmp ();
|   ;
|   return 0;
| }
configure:5582: result: no
configure:5593: checking for strsep
configure:5593: gcc -o conftest -g -O2 -W -Wall -std=c99 -fwrapv   conftest.c  >&5
configure:5593: $? = 0
configure:5593: result: yes
configure:5604: checking for strlcpy
configure:5604: gcc -o conftest -g -O2 -W -Wall -std=c99 -fwrapv   conftest.c  >&5
/tmp/ccZKcWUG.o: In function `main':
/home/student/nseiger/CS385/EFI/Sonoma_edk2/nasm-2.12.01/conftest.c:75: undefined reference to `strlcpy'
collect2: error: ld returned 1 exit status
configure:5604: $? = 1
configure: failed program was:
| /* confdefs.h */
| #define PACKAGE_NAME ""
| #define PACKAGE_TARNAME ""
| #define PACKAGE_VERSION ""
| #define PACKAGE_STRING ""
| #define PACKAGE_BUGREPORT ""
| #define PACKAGE_URL ""
| #define STDC_HEADERS 1
| #define HAVE_SYS_TYPES_H 1
| #define HAVE_SYS_STAT_H 1
| #define HAVE_STDLIB_H 1
| #define HAVE_STRING_H 1
| #define HAVE_MEMORY_H 1
| #define HAVE_STRINGS_H 1
| #define HAVE_INTTYPES_H 1
| #define HAVE_STDINT_H 1
| #define HAVE_UNISTD_H 1
| #define __EXTENSIONS__ 1
| #define _ALL_SOURCE 1
| #define _GNU_SOURCE 1
| #define _POSIX_PTHREAD_SEMANTICS 1
| #define _TANDEM_SOURCE 1
| #define restrict __restrict
| #define HAVE_WORKING_BOOL 1
| #define WORDS_LITTLEENDIAN 1
| #define STDC_HEADERS 1
| #define HAVE_LIMITS_H 1
| #define HAVE_INTTYPES_H 1
| #define HAVE_STRINGS_H 1
| #define HAVE_STDBOOL_H 1
| #define HAVE_UNISTD_H 1
| #define HAVE_SYS_PARAM_H 1
| #define HAVE_STRCSPN 1
| #define HAVE_STRSPN 1
| #define HAVE_VSNPRINTF 1
| #define HAVE_SNPRINTF 1
| #define HAVE_STRCASECMP 1
| #define HAVE_STRNCASECMP 1
| #define HAVE_STRSEP 1
| /* end confdefs.h.  */
| /* Define strlcpy to an innocuous variant, in case <limits.h> declares strlcpy.
|    For example, HP-UX 11i <limits.h> declares gettimeofday.  */
| #define strlcpy innocuous_strlcpy
| 
| /* System header to define __stub macros and hopefully few prototypes,
|     which can conflict with char strlcpy (); below.
|     Prefer <limits.h> to <assert.h> if __STDC__ is defined, since
|     <limits.h> exists even on freestanding compilers.  */
| 
| #ifdef __STDC__
| # include <limits.h>
| #else
| # include <assert.h>
| #endif
| 
| #undef strlcpy
| 
| /* Override any GCC internal prototype to avoid an error.
|    Use char because int might match the return type of a GCC
|    builtin and then its argument prototype would still apply.  */
| #ifdef __cplusplus
| extern "C"
| #endif
| char strlcpy ();
| /* The GNU C library defines this for functions which it implements
|     to always fail with ENOSYS.  Some functions are actually named
|     something starting with __ and the normal name is an alias.  */
| #if defined __stub_strlcpy || defined __stub___strlcpy
| choke me
| #endif
| 
| int
| main ()
| {
| return strlcpy ();
|   ;
|   return 0;
| }
configure:5604: result: no
configure:5616: checking for getuid
configure:5616: gcc -o conftest -g -O2 -W -Wall -std=c99 -fwrapv   conftest.c  >&5
configure:5616: $? = 0
configure:5616: result: yes
configure:5627: checking for getgid
configure:5627: gcc -o conftest -g -O2 -W -Wall -std=c99 -fwrapv   conftest.c  >&5
configure:5627: $? = 0
configure:5627: result: yes
configure:5639: checking for realpath
configure:5639: gcc -o conftest -g -O2 -W -Wall -std=c99 -fwrapv   conftest.c  >&5
configure:5639: $? = 0
configure:5639: result: yes
configure:5650: checking for canonicalize_file_name
configure:5650: gcc -o conftest -g -O2 -W -Wall -std=c99 -fwrapv   conftest.c  >&5
configure:5650: $? = 0
configure:5650: result: yes
configure:5661: checking for _fullpath
configure:5661: gcc -o conftest -g -O2 -W -Wall -std=c99 -fwrapv   conftest.c  >&5
/tmp/ccTYzOQ1.o: In function `main':
/home/student/nseiger/CS385/EFI/Sonoma_edk2/nasm-2.12.01/conftest.c:79: undefined reference to `_fullpath'
collect2: error: ld returned 1 exit status
configure:5661: $? = 1
configure: failed program was:
| /* confdefs.h */
| #define PACKAGE_NAME ""
| #define PACKAGE_TARNAME ""
| #define PACKAGE_VERSION ""
| #define PACKAGE_STRING ""
| #define PACKAGE_BUGREPORT ""
| #define PACKAGE_URL ""
| #define STDC_HEADERS 1
| #define HAVE_SYS_TYPES_H 1
| #define HAVE_SYS_STAT_H 1
| #define HAVE_STDLIB_H 1
| #define HAVE_STRING_H 1
| #define HAVE_MEMORY_H 1
| #define HAVE_STRINGS_H 1
| #define HAVE_INTTYPES_H 1
| #define HAVE_STDINT_H 1
| #define HAVE_UNISTD_H 1
| #define __EXTENSIONS__ 1
| #define _ALL_SOURCE 1
| #define _GNU_SOURCE 1
| #define _POSIX_PTHREAD_SEMANTICS 1
| #define _TANDEM_SOURCE 1
| #define restrict __restrict
| #define HAVE_WORKING_BOOL 1
| #define WORDS_LITTLEENDIAN 1
| #define STDC_HEADERS 1
| #define HAVE_LIMITS_H 1
| #define HAVE_INTTYPES_H 1
| #define HAVE_STRINGS_H 1
| #define HAVE_STDBOOL_H 1
| #define HAVE_UNISTD_H 1
| #define HAVE_SYS_PARAM_H 1
| #define HAVE_STRCSPN 1
| #define HAVE_STRSPN 1
| #define HAVE_VSNPRINTF 1
| #define HAVE_SNPRINTF 1
| #define HAVE_STRCASECMP 1
| #define HAVE_STRNCASECMP 1
| #define HAVE_STRSEP 1
| #define HAVE_GETUID 1
| #define HAVE_GETGID 1
| #define HAVE_REALPATH 1
| #define HAVE_CANONICALIZE_FILE_NAME 1
| /* end confdefs.h.  */
| /* Define _fullpath to an innocuous variant, in case <limits.h> declares _fullpath.
|    For example, HP-UX 11i <limits.h> declares gettimeofday.  */
| #define _fullpath innocuous__fullpath
| 
| /* System header to define __stub macros and hopefully few prototypes,
|     which can conflict with char _fullpath (); below.
|     Prefer <limits.h> to <assert.h> if __STDC__ is defined, since
|     <limits.h> exists even on freestanding compilers.  */
| 
| #ifdef __STDC__
| # include <limits.h>
| #else
| # include <assert.h>
| #endif
| 
| #undef _fullpath
| 
| /* Override any GCC internal prototype to avoid an error.
|    Use char because int might match the return type of a GCC
|    builtin and then its argument prototype would still apply.  */
| #ifdef __cplusplus
| extern "C"
| #endif
| char _fullpath ();
| /* The GNU C library defines this for functions which it implements
|     to always fail with ENOSYS.  Some functions are actually named
|     something starting with __ and the normal name is an alias.  */
| #if defined __stub__fullpath || defined __stub____fullpath
| choke me
| #endif
| 
| int
| main ()
| {
| return _fullpath ();
|   ;
|   return 0;
| }
configure:5661: result: no
configure:5672: checking for pathconf
configure:5672: gcc -o conftest -g -O2 -W -Wall -std=c99 -fwrapv   conftest.c  >&5
configure:5672: $? = 0
configure:5672: result: yes
configure:5682: checking whether strcasecmp is declared
configure:5682: gcc -c -g -O2 -W -Wall -std=c99 -fwrapv  conftest.c >&5
configure:5682: $? = 0
configure:5682: result: yes
configure:5693: checking whether stricmp is declared
configure:5693: gcc -c -g -O2 -W -Wall -std=c99 -fwrapv  conftest.c >&5
conftest.c: In function 'main':
conftest.c:87:10: error: 'stricmp' undeclared (first use in this function)
   (void) stricmp;
          ^
conftest.c:87:10: note: each undeclared identifier is reported only once for each function it appears in
configure:5693: $? = 1
configure: failed program was:
| /* confdefs.h */
| #define PACKAGE_NAME ""
| #define PACKAGE_TARNAME ""
| #define PACKAGE_VERSION ""
| #define PACKAGE_STRING ""
| #define PACKAGE_BUGREPORT ""
| #define PACKAGE_URL ""
| #define STDC_HEADERS 1
| #define HAVE_SYS_TYPES_H 1
| #define HAVE_SYS_STAT_H 1
| #define HAVE_STDLIB_H 1
| #define HAVE_STRING_H 1
| #define HAVE_MEMORY_H 1
| #define HAVE_STRINGS_H 1
| #define HAVE_INTTYPES_H 1
| #define HAVE_STDINT_H 1
| #define HAVE_UNISTD_H 1
| #define __EXTENSIONS__ 1
| #define _ALL_SOURCE 1
| #define _GNU_SOURCE 1
| #define _POSIX_PTHREAD_SEMANTICS 1
| #define _TANDEM_SOURCE 1
| #define restrict __restrict
| #define HAVE_WORKING_BOOL 1
| #define WORDS_LITTLEENDIAN 1
| #define STDC_HEADERS 1
| #define HAVE_LIMITS_H 1
| #define HAVE_INTTYPES_H 1
| #define HAVE_STRINGS_H 1
| #define HAVE_STDBOOL_H 1
| #define HAVE_UNISTD_H 1
| #define HAVE_SYS_PARAM_H 1
| #define HAVE_STRCSPN 1
| #define HAVE_STRSPN 1
| #define HAVE_VSNPRINTF 1
| #define HAVE_SNPRINTF 1
| #define HAVE_STRCASECMP 1
| #define HAVE_STRNCASECMP 1
| #define HAVE_STRSEP 1
| #define HAVE_GETUID 1
| #define HAVE_GETGID 1
| #define HAVE_REALPATH 1
| #define HAVE_CANONICALIZE_FILE_NAME 1
| #define HAVE_PATHCONF 1
| #define HAVE_DECL_STRCASECMP 1
| /* end confdefs.h.  */
| #include <stdio.h>
| #ifdef HAVE_SYS_TYPES_H
| # include <sys/types.h>
| #endif
| #ifdef HAVE_SYS_STAT_H
| # include <sys/stat.h>
| #endif
| #ifdef STDC_HEADERS
| # include <stdlib.h>
| # include <stddef.h>
| #else
| # ifdef HAVE_STDLIB_H
| #  include <stdlib.h>
| # endif
| #endif
| #ifdef HAVE_STRING_H
| # if !defined STDC_HEADERS && defined HAVE_MEMORY_H
| #  include <memory.h>
| # endif
| # include <string.h>
| #endif
| #ifdef HAVE_STRINGS_H
| # include <strings.h>
| #endif
| #ifdef HAVE_INTTYPES_H
| # include <inttypes.h>
| #endif
| #ifdef HAVE_STDINT_H
| # include <stdint.h>
| #endif
| #ifdef HAVE_UNISTD_H
| # include <unistd.h>
| #endif
| int
| main ()
| {
| #ifndef stricmp
| #ifdef __cplusplus
|   (void) stricmp;
| #else
|   (void) stricmp;
| #endif
| #endif
| 
|   ;
|   return 0;
| }
configure:5693: result: no
configure:5704: checking whether strncasecmp is declared
configure:5704: gcc -c -g -O2 -W -Wall -std=c99 -fwrapv  conftest.c >&5
configure:5704: $? = 0
configure:5704: result: yes
configure:5715: checking whether strnicmp is declared
configure:5715: gcc -c -g -O2 -W -Wall -std=c99 -fwrapv  conftest.c >&5
conftest.c: In function 'main':
conftest.c:89:10: error: 'strnicmp' undeclared (first use in this function)
   (void) strnicmp;
          ^
conftest.c:89:10: note: each undeclared identifier is reported only once for each function it appears in
configure:5715: $? = 1
configure: failed program was:
| /* confdefs.h */
| #define PACKAGE_NAME ""
| #define PACKAGE_TARNAME ""
| #define PACKAGE_VERSION ""
| #define PACKAGE_STRING ""
| #define PACKAGE_BUGREPORT ""
| #define PACKAGE_URL ""
| #define STDC_HEADERS 1
| #define HAVE_SYS_TYPES_H 1
| #define HAVE_SYS_STAT_H 1
| #define HAVE_STDLIB_H 1
| #define HAVE_STRING_H 1
| #define HAVE_MEMORY_H 1
| #define HAVE_STRINGS_H 1
| #define HAVE_INTTYPES_H 1
| #define HAVE_STDINT_H 1
| #define HAVE_UNISTD_H 1
| #define __EXTENSIONS__ 1
| #define _ALL_SOURCE 1
| #define _GNU_SOURCE 1
| #define _POSIX_PTHREAD_SEMANTICS 1
| #define _TANDEM_SOURCE 1
| #define restrict __restrict
| #define HAVE_WORKING_BOOL 1
| #define WORDS_LITTLEENDIAN 1
| #define STDC_HEADERS 1
| #define HAVE_LIMITS_H 1
| #define HAVE_INTTYPES_H 1
| #define HAVE_STRINGS_H 1
| #define HAVE_STDBOOL_H 1
| #define HAVE_UNISTD_H 1
| #define HAVE_SYS_PARAM_H 1
| #define HAVE_STRCSPN 1
| #define HAVE_STRSPN 1
| #define HAVE_VSNPRINTF 1
| #define HAVE_SNPRINTF 1
| #define HAVE_STRCASECMP 1
| #define HAVE_STRNCASECMP 1
| #define HAVE_STRSEP 1
| #define HAVE_GETUID 1
| #define HAVE_GETGID 1
| #define HAVE_REALPATH 1
| #define HAVE_CANONICALIZE_FILE_NAME 1
| #define HAVE_PATHCONF 1
| #define HAVE_DECL_STRCASECMP 1
| #define HAVE_DECL_STRICMP 0
| #define HAVE_DECL_STRNCASECMP 1
| /* end confdefs.h.  */
| #include <stdio.h>
| #ifdef HAVE_SYS_TYPES_H
| # include <sys/types.h>
| #endif
| #ifdef HAVE_SYS_STAT_H
| # include <sys/stat.h>
| #endif
| #ifdef STDC_HEADERS
| # include <stdlib.h>
| # include <stddef.h>
| #else
| # ifdef HAVE_STDLIB_H
| #  include <stdlib.h>
| # endif
| #endif
| #ifdef HAVE_STRING_H
| # if !defined STDC_HEADERS && defined HAVE_MEMORY_H
| #  include <memory.h>
| # endif
| # include <string.h>
| #endif
| #ifdef HAVE_STRINGS_H
| # include <strings.h>
| #endif
| #ifdef HAVE_INTTYPES_H
| # include <inttypes.h>
| #endif
| #ifdef HAVE_STDINT_H
| # include <stdint.h>
| #endif
| #ifdef HAVE_UNISTD_H
| # include <unistd.h>
| #endif
| int
| main ()
| {
| #ifndef strnicmp
| #ifdef __cplusplus
|   (void) strnicmp;
| #else
|   (void) strnicmp;
| #endif
| #endif
| 
|   ;
|   return 0;
| }
configure:5715: result: no
configure:5726: checking whether strsep is declared
configure:5726: gcc -c -g -O2 -W -Wall -std=c99 -fwrapv  conftest.c >&5
configure:5726: $? = 0
configure:5726: result: yes
configure:5737: checking whether strlcpy is declared
configure:5737: gcc -c -g -O2 -W -Wall -std=c99 -fwrapv  conftest.c >&5
conftest.c: In function 'main':
conftest.c:91:10: error: 'strlcpy' undeclared (first use in this function)
   (void) strlcpy;
          ^
conftest.c:91:10: note: each undeclared identifier is reported only once for each function it appears in
configure:5737: $? = 1
configure: failed program was:
| /* confdefs.h */
| #define PACKAGE_NAME ""
| #define PACKAGE_TARNAME ""
| #define PACKAGE_VERSION ""
| #define PACKAGE_STRING ""
| #define PACKAGE_BUGREPORT ""
| #define PACKAGE_URL ""
| #define STDC_HEADERS 1
| #define HAVE_SYS_TYPES_H 1
| #define HAVE_SYS_STAT_H 1
| #define HAVE_STDLIB_H 1
| #define HAVE_STRING_H 1
| #define HAVE_MEMORY_H 1
| #define HAVE_STRINGS_H 1
| #define HAVE_INTTYPES_H 1
| #define HAVE_STDINT_H 1
| #define HAVE_UNISTD_H 1
| #define __EXTENSIONS__ 1
| #define _ALL_SOURCE 1
| #define _GNU_SOURCE 1
| #define _POSIX_PTHREAD_SEMANTICS 1
| #define _TANDEM_SOURCE 1
| #define restrict __restrict
| #define HAVE_WORKING_BOOL 1
| #define WORDS_LITTLEENDIAN 1
| #define STDC_HEADERS 1
| #define HAVE_LIMITS_H 1
| #define HAVE_INTTYPES_H 1
| #define HAVE_STRINGS_H 1
| #define HAVE_STDBOOL_H 1
| #define HAVE_UNISTD_H 1
| #define HAVE_SYS_PARAM_H 1
| #define HAVE_STRCSPN 1
| #define HAVE_STRSPN 1
| #define HAVE_VSNPRINTF 1
| #define HAVE_SNPRINTF 1
| #define HAVE_STRCASECMP 1
| #define HAVE_STRNCASECMP 1
| #define HAVE_STRSEP 1
| #define HAVE_GETUID 1
| #define HAVE_GETGID 1
| #define HAVE_REALPATH 1
| #define HAVE_CANONICALIZE_FILE_NAME 1
| #define HAVE_PATHCONF 1
| #define HAVE_DECL_STRCASECMP 1
| #define HAVE_DECL_STRICMP 0
| #define HAVE_DECL_STRNCASECMP 1
| #define HAVE_DECL_STRNICMP 0
| #define HAVE_DECL_STRSEP 1
| /* end confdefs.h.  */
| #include <stdio.h>
| #ifdef HAVE_SYS_TYPES_H
| # include <sys/types.h>
| #endif
| #ifdef HAVE_SYS_STAT_H
| # include <sys/stat.h>
| #endif
| #ifdef STDC_HEADERS
| # include <stdlib.h>
| # include <stddef.h>
| #else
| # ifdef HAVE_STDLIB_H
| #  include <stdlib.h>
| # endif
| #endif
| #ifdef HAVE_STRING_H
| # if !defined STDC_HEADERS && defined HAVE_MEMORY_H
| #  include <memory.h>
| # endif
| # include <string.h>
| #endif
| #ifdef HAVE_STRINGS_H
| # include <strings.h>
| #endif
| #ifdef HAVE_INTTYPES_H
| # include <inttypes.h>
| #endif
| #ifdef HAVE_STDINT_H
| # include <stdint.h>
| #endif
| #ifdef HAVE_UNISTD_H
| # include <unistd.h>
| #endif
| int
| main ()
| {
| #ifndef strlcpy
| #ifdef __cplusplus
|   (void) strlcpy;
| #else
|   (void) strlcpy;
| #endif
| #endif
| 
|   ;
|   return 0;
| }
configure:5737: result: no
configure:5762: checking if gcc accepts -pedantic
configure:5777: gcc -o conftest -g -O2 -W -Wall -std=c99 -fwrapv -pedantic   conftest.c  >&5
configure:5777: $? = 0
configure:5778: result: yes
configure:5788: checking if gcc accepts -Wpedantic-ms-format
configure:5803: gcc -o conftest -g -O2 -W -Wall -std=c99 -fwrapv -pedantic -Wpedantic-ms-format   conftest.c  >&5
gcc: error: unrecognized command line option '-Wpedantic-ms-format'
configure:5803: $? = 1
configure: failed program was:
| /* confdefs.h */
| #define PACKAGE_NAME ""
| #define PACKAGE_TARNAME ""
| #define PACKAGE_VERSION ""
| #define PACKAGE_STRING ""
| #define PACKAGE_BUGREPORT ""
| #define PACKAGE_URL ""
| #define STDC_HEADERS 1
| #define HAVE_SYS_TYPES_H 1
| #define HAVE_SYS_STAT_H 1
| #define HAVE_STDLIB_H 1
| #define HAVE_STRING_H 1
| #define HAVE_MEMORY_H 1
| #define HAVE_STRINGS_H 1
| #define HAVE_INTTYPES_H 1
| #define HAVE_STDINT_H 1
| #define HAVE_UNISTD_H 1
| #define __EXTENSIONS__ 1
| #define _ALL_SOURCE 1
| #define _GNU_SOURCE 1
| #define _POSIX_PTHREAD_SEMANTICS 1
| #define _TANDEM_SOURCE 1
| #define restrict __restrict
| #define HAVE_WORKING_BOOL 1
| #define WORDS_LITTLEENDIAN 1
| #define STDC_HEADERS 1
| #define HAVE_LIMITS_H 1
| #define HAVE_INTTYPES_H 1
| #define HAVE_STRINGS_H 1
| #define HAVE_STDBOOL_H 1
| #define HAVE_UNISTD_H 1
| #define HAVE_SYS_PARAM_H 1
| #define HAVE_STRCSPN 1
| #define HAVE_STRSPN 1
| #define HAVE_VSNPRINTF 1
| #define HAVE_SNPRINTF 1
| #define HAVE_STRCASECMP 1
| #define HAVE_STRNCASECMP 1
| #define HAVE_STRSEP 1
| #define HAVE_GETUID 1
| #define HAVE_GETGID 1
| #define HAVE_REALPATH 1
| #define HAVE_CANONICALIZE_FILE_NAME 1
| #define HAVE_PATHCONF 1
| #define HAVE_DECL_STRCASECMP 1
| #define HAVE_DECL_STRICMP 0
| #define HAVE_DECL_STRNCASECMP 1
| #define HAVE_DECL_STRNICMP 0
| #define HAVE_DECL_STRSEP 1
| #define HAVE_DECL_STRLCPY 0
| /* end confdefs.h.  */
| #include <stdio.h>
| int
| main ()
| {
| printf("Hello, World!\n");
|   ;
|   return 0;
| }
configure:5808: result: no
configure:5814: checking if gcc accepts -Wc90-c99-compat
configure:5829: gcc -o conftest -g -O2 -W -Wall -std=c99 -fwrapv -pedantic -Wc90-c99-compat   conftest.c  >&5
configure:5829: $? = 0
configure:5830: result: yes
configure:5840: checking if gcc accepts -Wlong-long
configure:5855: gcc -o conftest -g -O2 -W -Wall -std=c99 -fwrapv -pedantic -Wc90-c99-compat -Wlong-long   conftest.c  >&5
configure:5855: $? = 0
configure:5856: result: yes
configure:5901: checking if gcc accepts -Werror=implicit
configure:5916: gcc -o conftest -g -O2 -W -Wall -std=c99 -fwrapv -pedantic -Wc90-c99-compat -Wno-long-long -Werror=implicit   conftest.c  >&5
configure:5916: $? = 0
configure:5917: result: yes
configure:5927: checking if gcc accepts -Werror=missing-braces
configure:5942: gcc -o conftest -g -O2 -W -Wall -std=c99 -fwrapv -pedantic -Wc90-c99-compat -Wno-long-long -Werror=implicit -Werror=missing-braces   conftest.c  >&5
configure:5942: $? = 0
configure:5943: result: yes
configure:5953: checking if gcc accepts -Werror=return-type
configure:5968: gcc -o conftest -g -O2 -W -Wall -std=c99 -fwrapv -pedantic -Wc90-c99-compat -Wno-long-long -Werror=implicit -Werror=missing-braces -Werror=return-type   conftest.c  >&5
configure:5968: $? = 0
configure:5969: result: yes
configure:5979: checking if gcc accepts -Werror=trigraphs
configure:5994: gcc -o conftest -g -O2 -W -Wall -std=c99 -fwrapv -pedantic -Wc90-c99-compat -Wno-long-long -Werror=implicit -Werror=missing-braces -Werror=return-type -Werror=trigraphs   conftest.c  >&5
configure:5994: $? = 0
configure:5995: result: yes
configure:6005: checking if gcc accepts -Werror=pointer-arith
configure:6020: gcc -o conftest -g -O2 -W -Wall -std=c99 -fwrapv -pedantic -Wc90-c99-compat -Wno-long-long -Werror=implicit -Werror=missing-braces -Werror=return-type -Werror=trigraphs -Werror=pointer-arith   conftest.c  >&5
configure:6020: $? = 0
configure:6021: result: yes
configure:6031: checking if gcc accepts -Werror=strict-prototypes
configure:6046: gcc -o conftest -g -O2 -W -Wall -std=c99 -fwrapv -pedantic -Wc90-c99-compat -Wno-long-long -Werror=implicit -Werror=missing-braces -Werror=return-type -Werror=trigraphs -Werror=pointer-arith -Werror=strict-prototypes   conftest.c  >&5
conftest.c:54:1: error: function declaration isn't a prototype [-Werror=strict-prototypes]
 main ()
 ^
cc1: some warnings being treated as errors
configure:6046: $? = 1
configure: failed program was:
| /* confdefs.h */
| #define PACKAGE_NAME ""
| #define PACKAGE_TARNAME ""
| #define PACKAGE_VERSION ""
| #define PACKAGE_STRING ""
| #define PACKAGE_BUGREPORT ""
| #define PACKAGE_URL ""
| #define STDC_HEADERS 1
| #define HAVE_SYS_TYPES_H 1
| #define HAVE_SYS_STAT_H 1
| #define HAVE_STDLIB_H 1
| #define HAVE_STRING_H 1
| #define HAVE_MEMORY_H 1
| #define HAVE_STRINGS_H 1
| #define HAVE_INTTYPES_H 1
| #define HAVE_STDINT_H 1
| #define HAVE_UNISTD_H 1
| #define __EXTENSIONS__ 1
| #define _ALL_SOURCE 1
| #define _GNU_SOURCE 1
| #define _POSIX_PTHREAD_SEMANTICS 1
| #define _TANDEM_SOURCE 1
| #define restrict __restrict
| #define HAVE_WORKING_BOOL 1
| #define WORDS_LITTLEENDIAN 1
| #define STDC_HEADERS 1
| #define HAVE_LIMITS_H 1
| #define HAVE_INTTYPES_H 1
| #define HAVE_STRINGS_H 1
| #define HAVE_STDBOOL_H 1
| #define HAVE_UNISTD_H 1
| #define HAVE_SYS_PARAM_H 1
| #define HAVE_STRCSPN 1
| #define HAVE_STRSPN 1
| #define HAVE_VSNPRINTF 1
| #define HAVE_SNPRINTF 1
| #define HAVE_STRCASECMP 1
| #define HAVE_STRNCASECMP 1
| #define HAVE_STRSEP 1
| #define HAVE_GETUID 1
| #define HAVE_GETGID 1
| #define HAVE_REALPATH 1
| #define HAVE_CANONICALIZE_FILE_NAME 1
| #define HAVE_PATHCONF 1
| #define HAVE_DECL_STRCASECMP 1
| #define HAVE_DECL_STRICMP 0
| #define HAVE_DECL_STRNCASECMP 1
| #define HAVE_DECL_STRNICMP 0
| #define HAVE_DECL_STRSEP 1
| #define HAVE_DECL_STRLCPY 0
| /* end confdefs.h.  */
| #include <stdio.h>
| int
| main ()
| {
| printf("Hello, World!\n");
|   ;
|   return 0;
| }
configure:6051: result: no
configure:6057: checking if gcc accepts -Werror=missing-prototypes
configure:6072: gcc -o conftest -g -O2 -W -Wall -std=c99 -fwrapv -pedantic -Wc90-c99-compat -Wno-long-long -Werror=implicit -Werror=missing-braces -Werror=return-type -Werror=trigraphs -Werror=pointer-arith -Werror=missing-prototypes   conftest.c  >&5
configure:6072: $? = 0
configure:6073: result: yes
configure:6083: checking if gcc accepts -Werror=missing-declarations
configure:6098: gcc -o conftest -g -O2 -W -Wall -std=c99 -fwrapv -pedantic -Wc90-c99-compat -Wno-long-long -Werror=implicit -Werror=missing-braces -Werror=return-type -Werror=trigraphs -Werror=pointer-arith -Werror=missing-prototypes -Werror=missing-declarations   conftest.c  >&5
configure:6098: $? = 0
configure:6099: result: yes
configure:6109: checking if gcc accepts -Werror=comment
configure:6124: gcc -o conftest -g -O2 -W -Wall -std=c99 -fwrapv -pedantic -Wc90-c99-compat -Wno-long-long -Werror=implicit -Werror=missing-braces -Werror=return-type -Werror=trigraphs -Werror=pointer-arith -Werror=missing-prototypes -Werror=missing-declarations -Werror=comment   conftest.c  >&5
configure:6124: $? = 0
configure:6125: result: yes
configure:6135: checking if gcc accepts -Werror=vla
configure:6150: gcc -o conftest -g -O2 -W -Wall -std=c99 -fwrapv -pedantic -Wc90-c99-compat -Wno-long-long -Werror=implicit -Werror=missing-braces -Werror=return-type -Werror=trigraphs -Werror=pointer-arith -Werror=missing-prototypes -Werror=missing-declarations -Werror=comment -Werror=vla   conftest.c  >&5
configure:6150: $? = 0
configure:6151: result: yes
configure:6282: creating ./config.status

## ---------------------- ##
## Running config.status. ##
## ---------------------- ##

This file was extended by config.status, which was
generated by GNU Autoconf 2.69.  Invocation command line was

  CONFIG_FILES    = 
  CONFIG_HEADERS  = 
  CONFIG_LINKS    = 
  CONFIG_COMMANDS = 
  $ ./config.status 

on blue.cs.sonoma.edu

config.status:858: creating Makefile
config.status:858: creating rdoff/Makefile
config.status:858: creating doc/Makefile
config.status:858: creating config.h
config.status:1033: config.h is unchanged
config.status:1047: executing default-1 commands

## ---------------- ##
## Cache variables. ##
## ---------------- ##

ac_cv_c_bigendian=no
ac_cv_c_compiler_gnu=yes
ac_cv_c_const=yes
ac_cv_c_inline=inline
ac_cv_c_restrict=__restrict
ac_cv_env_CC_set=
ac_cv_env_CC_value=
ac_cv_env_CFLAGS_set=
ac_cv_env_CFLAGS_value=
ac_cv_env_CPPFLAGS_set=
ac_cv_env_CPPFLAGS_value=
ac_cv_env_CPP_set=
ac_cv_env_CPP_value=
ac_cv_env_LDFLAGS_set=
ac_cv_env_LDFLAGS_value=
ac_cv_env_LIBS_set=
ac_cv_env_LIBS_value=
ac_cv_env_build_alias_set=
ac_cv_env_build_alias_value=
ac_cv_env_host_alias_set=
ac_cv_env_host_alias_value=
ac_cv_env_target_alias_set=
ac_cv_env_target_alias_value=
ac_cv_func__fullpath=no
ac_cv_func__snprintf=no
ac_cv_func__vsnprintf=no
ac_cv_func_canonicalize_file_name=yes
ac_cv_func_getgid=yes
ac_cv_func_getuid=yes
ac_cv_func_pathconf=yes
ac_cv_func_realpath=yes
ac_cv_func_snprintf=yes
ac_cv_func_strcasecmp=yes
ac_cv_func_strcspn=yes
ac_cv_func_stricmp=no
ac_cv_func_strlcpy=no
ac_cv_func_strncasecmp=yes
ac_cv_func_strnicmp=no
ac_cv_func_strsep=yes
ac_cv_func_strspn=yes
ac_cv_func_vsnprintf=yes
ac_cv_have_decl_strcasecmp=yes
ac_cv_have_decl_stricmp=no
ac_cv_have_decl_strlcpy=no
ac_cv_have_decl_strncasecmp=yes
ac_cv_have_decl_strnicmp=no
ac_cv_have_decl_strsep=yes
ac_cv_header_inttypes_h=yes
ac_cv_header_limits_h=yes
ac_cv_header_memory_h=yes
ac_cv_header_minix_config_h=no
ac_cv_header_stdbool_h=yes
ac_cv_header_stdc=yes
ac_cv_header_stdint_h=yes
ac_cv_header_stdlib_h=yes
ac_cv_header_string_h=yes
ac_cv_header_strings_h=yes
ac_cv_header_sys_param_h=yes
ac_cv_header_sys_stat_h=yes
ac_cv_header_sys_types_h=yes
ac_cv_header_unistd_h=yes
ac_cv_objext=o
ac_cv_path_EGREP='/usr/bin/grep -E'
ac_cv_path_GREP=/usr/bin/grep
ac_cv_path_install='/usr/bin/install -c'
ac_cv_prog_CPP='gcc -E'
ac_cv_prog_NROFF=nroff
ac_cv_prog_PS2PDF=ps2pdf
ac_cv_prog_ac_ct_CC=gcc
ac_cv_prog_cc_c89=
ac_cv_prog_cc_g=yes
ac_cv_prog_make_make_set=yes
ac_cv_prog_make_vpathok=yes
ac_cv_safe_to_define___extensions__=yes
ac_cv_sys_file_offset_bits=no
ac_cv_sys_largefile_CC=no
ac_cv_type_size_t=yes

## ----------------- ##
## Output variables. ##
## ----------------- ##

ACRODIST='false'
ASCIIDOC='false'
CC='gcc'
CFLAGS='-g -O2 -W -Wall -std=c99 -fwrapv -pedantic -Wc90-c99-compat -Wno-long-long -Werror=implicit -Werror=missing-braces -Werror=return-type -Werror=trigraphs -Werror=pointer-arith -Werror=missing-prototypes -Werror=missing-declarations -Werror=comment -Werror=vla'
CPP='gcc -E'
CPPFLAGS=''
DEFS='-DHAVE_CONFIG_H'
ECHO_C=''
ECHO_N='-n'
ECHO_T=''
EGREP='/usr/bin/grep -E'
EXEEXT=''
GREP='/usr/bin/grep'
INSTALL_DATA='${INSTALL} -m 644'
INSTALL_PROGRAM='${INSTALL}'
INSTALL_SCRIPT='${INSTALL}'
LDFLAGS=''
LIBOBJS=''
LIBS=''
LN_S='ln -s'
LTLIBOBJS=''
NROFF='nroff'
OBJEXT='o'
PACKAGE_BUGREPORT=''
PACKAGE_NAME=''
PACKAGE_STRING=''
PACKAGE_TARNAME=''
PACKAGE_URL=''
PACKAGE_VERSION=''
PATH_SEPARATOR=':'
PS2PDF='ps2pdf'
PSTOPDF='false'
SET_MAKE=''
SHELL='/bin/sh'
XMLTO='false'
XOBJS=''
ac_ct_CC='gcc'
ac_prefix_program=''
bindir='${exec_prefix}/bin'
build_alias=''
datadir='${datarootdir}'
datarootdir='${prefix}/share'
docdir='${datarootdir}/doc/${PACKAGE}'
dvidir='${docdir}'
exec_prefix='${prefix}'
host_alias=''
htmldir='${docdir}'
includedir='${prefix}/include'
infodir='${datarootdir}/info'
libdir='${exec_prefix}/lib'
libexecdir='${exec_prefix}/libexec'
localedir='${datarootdir}/locale'
localstatedir='${prefix}/var'
mandir='${datarootdir}/man'
oldincludedir='/usr/include'
pdfdir='${docdir}'
prefix='/dir/local'
program_transform_name='s,x,x,'
psdir='${docdir}'
sbindir='${exec_prefix}/sbin'
sharedstatedir='${prefix}/com'
sysconfdir='${prefix}/etc'
target_alias=''

## ----------- ##
## confdefs.h. ##
## ----------- ##

/* confdefs.h */
#define PACKAGE_NAME ""
#define PACKAGE_TARNAME ""
#define PACKAGE_VERSION ""
#define PACKAGE_STRING ""
#define PACKAGE_BUGREPORT ""
#define PACKAGE_URL ""
#define STDC_HEADERS 1
#define HAVE_SYS_TYPES_H 1
#define HAVE_SYS_STAT_H 1
#define HAVE_STDLIB_H 1
#define HAVE_STRING_H 1
#define HAVE_MEMORY_H 1
#define HAVE_STRINGS_H 1
#define HAVE_INTTYPES_H 1
#define HAVE_STDINT_H 1
#define HAVE_UNISTD_H 1
#define __EXTENSIONS__ 1
#define _ALL_SOURCE 1
#define _GNU_SOURCE 1
#define _POSIX_PTHREAD_SEMANTICS 1
#define _TANDEM_SOURCE 1
#define restrict __restrict
#define HAVE_WORKING_BOOL 1
#define WORDS_LITTLEENDIAN 1
#define STDC_HEADERS 1
#define HAVE_LIMITS_H 1
#define HAVE_INTTYPES_H 1
#define HAVE_STRINGS_H 1
#define HAVE_STDBOOL_H 1
#define HAVE_UNISTD_H 1
#define HAVE_SYS_PARAM_H 1
#define HAVE_STRCSPN 1
#define HAVE_STRSPN 1
#define HAVE_VSNPRINTF 1
#define HAVE_SNPRINTF 1
#define HAVE_STRCASECMP 1
#define HAVE_STRNCASECMP 1
#define HAVE_STRSEP 1
#define HAVE_GETUID 1
#define HAVE_GETGID 1
#define HAVE_REALPATH 1
#define HAVE_CANONICALIZE_FILE_NAME 1
#define HAVE_PATHCONF 1
#define HAVE_DECL_STRCASECMP 1
#define HAVE_DECL_STRICMP 0
#define HAVE_DECL_STRNCASECMP 1
#define HAVE_DECL_STRNICMP 0
#define HAVE_DECL_STRSEP 1
#define HAVE_DECL_STRLCPY 0

configure: exit 0
