/home/student/nseiger/CS385/EFI/Sonoma_edk2/Build/MdeModule/DEBUG_GCC44/X64/MdePkg/Library/BasePcdLibNull/BasePcdLibNull/OUTPUT/BasePcdLibNull.lib
/home/student/nseiger/CS385/EFI/Sonoma_edk2/Build/MdeModule/DEBUG_GCC44/X64/MdePkg/Library/BaseDebugLibNull/BaseDebugLibNull/OUTPUT/BaseDebugLibNull.lib
/home/student/nseiger/CS385/EFI/Sonoma_edk2/Build/MdeModule/DEBUG_GCC44/X64/MdePkg/Library/BaseLib/BaseLib/OUTPUT/BaseLib.lib
/home/student/nseiger/CS385/EFI/Sonoma_edk2/Build/MdeModule/DEBUG_GCC44/X64/MdePkg/Library/BaseMemoryLib/BaseMemoryLib/OUTPUT/BaseMemoryLib.lib
/home/student/nseiger/CS385/EFI/Sonoma_edk2/Build/MdeModule/DEBUG_GCC44/X64/MdePkg/Library/BasePrintLib/BasePrintLib/OUTPUT/BasePrintLib.lib
/home/student/nseiger/CS385/EFI/Sonoma_edk2/Build/MdeModule/DEBUG_GCC44/X64/MdeModulePkg/Library/DxeCoreMemoryAllocationLib/DxeCoreMemoryAllocationLib/OUTPUT/DxeCoreMemoryAllocationLib.lib
/home/student/nseiger/CS385/EFI/Sonoma_edk2/Build/MdeModule/DEBUG_GCC44/X64/MdePkg/Library/UefiRuntimeServicesTableLib/UefiRuntimeServicesTableLib/OUTPUT/UefiRuntimeServicesTableLib.lib
/home/student/nseiger/CS385/EFI/Sonoma_edk2/Build/MdeModule/DEBUG_GCC44/X64/MdePkg/Library/UefiDevicePathLib/UefiDevicePathLib/OUTPUT/UefiDevicePathLib.lib
/home/student/nseiger/CS385/EFI/Sonoma_edk2/Build/MdeModule/DEBUG_GCC44/X64/MdePkg/Library/UefiBootServicesTableLib/UefiBootServicesTableLib/OUTPUT/UefiBootServicesTableLib.lib
/home/student/nseiger/CS385/EFI/Sonoma_edk2/Build/MdeModule/DEBUG_GCC44/X64/MdePkg/Library/DxeCoreEntryPoint/DxeCoreEntryPoint/OUTPUT/DxeCoreEntryPoint.lib
/home/student/nseiger/CS385/EFI/Sonoma_edk2/Build/MdeModule/DEBUG_GCC44/X64/MdePkg/Library/BasePeCoffExtraActionLibNull/BasePeCoffExtraActionLibNull/OUTPUT/PeCoffExtraActionLibNull.lib
/home/student/nseiger/CS385/EFI/Sonoma_edk2/Build/MdeModule/DEBUG_GCC44/X64/MdePkg/Library/UefiLib/UefiLib/OUTPUT/UefiLib.lib
/home/student/nseiger/CS385/EFI/Sonoma_edk2/Build/MdeModule/DEBUG_GCC44/X64/MdePkg/Library/DxeExtractGuidedSectionLib/DxeExtractGuidedSectionLib/OUTPUT/DxeExtractGuidedSectionLib.lib
/home/student/nseiger/CS385/EFI/Sonoma_edk2/Build/MdeModule/DEBUG_GCC44/X64/MdePkg/Library/BaseCacheMaintenanceLib/BaseCacheMaintenanceLib/OUTPUT/BaseCacheMaintenanceLib.lib
/home/student/nseiger/CS385/EFI/Sonoma_edk2/Build/MdeModule/DEBUG_GCC44/X64/MdePkg/Library/BaseUefiDecompressLib/BaseUefiDecompressLib/OUTPUT/BaseUefiDecompressLib.lib
/home/student/nseiger/CS385/EFI/Sonoma_edk2/Build/MdeModule/DEBUG_GCC44/X64/MdePkg/Library/BasePerformanceLibNull/BasePerformanceLibNull/OUTPUT/BasePerformanceLibNull.lib
/home/student/nseiger/CS385/EFI/Sonoma_edk2/Build/MdeModule/DEBUG_GCC44/X64/MdePkg/Library/DxeCoreHobLib/DxeCoreHobLib/OUTPUT/DxeCoreHobLib.lib
/home/student/nseiger/CS385/EFI/Sonoma_edk2/Build/MdeModule/DEBUG_GCC44/X64/MdePkg/Library/BasePeCoffLib/BasePeCoffLib/OUTPUT/BasePeCoffLib.lib
/home/student/nseiger/CS385/EFI/Sonoma_edk2/Build/MdeModule/DEBUG_GCC44/X64/MdePkg/Library/BasePeCoffGetEntryPointLib/BasePeCoffGetEntryPointLib/OUTPUT/BasePeCoffGetEntryPointLib.lib
/home/student/nseiger/CS385/EFI/Sonoma_edk2/Build/MdeModule/DEBUG_GCC44/X64/MdePkg/Library/BaseReportStatusCodeLibNull/BaseReportStatusCodeLibNull/OUTPUT/BaseReportStatusCodeLibNull.lib
/home/student/nseiger/CS385/EFI/Sonoma_edk2/Build/MdeModule/DEBUG_GCC44/X64/MdePkg/Library/BaseTimerLibNullTemplate/BaseTimerLibNullTemplate/OUTPUT/BaseTimerLibNullTemplate.lib
/home/student/nseiger/CS385/EFI/Sonoma_edk2/Build/MdeModule/DEBUG_GCC44/X64/MdePkg/Library/DxeServicesLib/DxeServicesLib/OUTPUT/DxeServicesLib.lib
/home/student/nseiger/CS385/EFI/Sonoma_edk2/Build/MdeModule/DEBUG_GCC44/X64/MdeModulePkg/Library/DebugAgentLibNull/DebugAgentLibNull/OUTPUT/DebugAgentLibNull.lib
/home/student/nseiger/CS385/EFI/Sonoma_edk2/Build/MdeModule/DEBUG_GCC44/X64/MdeModulePkg/Library/CpuExceptionHandlerLibNull/CpuExceptionHandlerLibNull/OUTPUT/CpuExceptionHandlerLibNull.lib
/home/student/nseiger/CS385/EFI/Sonoma_edk2/Build/MdeModule/DEBUG_GCC44/X64/MdeModulePkg/Library/DxeCrc32GuidedSectionExtractLib/DxeCrc32GuidedSectionExtractLib/OUTPUT/DxeCrc32GuidedSectionExtractLib.lib
/home/student/nseiger/CS385/EFI/Sonoma_edk2/Build/MdeModule/DEBUG_GCC44/X64/MdeModulePkg/Core/Dxe/DxeMain/OUTPUT/DxeCore.lib