/home/student/nseiger/CS385/EFI/Sonoma_edk2/Build/AppPkg/DEBUG_GCC49/X64/StdLib/LibC/Math/Math/OUTPUT/e_acos.obj
/home/student/nseiger/CS385/EFI/Sonoma_edk2/Build/AppPkg/DEBUG_GCC49/X64/StdLib/LibC/Math/Math/OUTPUT/e_asin.obj
/home/student/nseiger/CS385/EFI/Sonoma_edk2/Build/AppPkg/DEBUG_GCC49/X64/StdLib/LibC/Math/Math/OUTPUT/e_atan2.obj
/home/student/nseiger/CS385/EFI/Sonoma_edk2/Build/AppPkg/DEBUG_GCC49/X64/StdLib/LibC/Math/Math/OUTPUT/e_cosh.obj
/home/student/nseiger/CS385/EFI/Sonoma_edk2/Build/AppPkg/DEBUG_GCC49/X64/StdLib/LibC/Math/Math/OUTPUT/e_exp.obj
/home/student/nseiger/CS385/EFI/Sonoma_edk2/Build/AppPkg/DEBUG_GCC49/X64/StdLib/LibC/Math/Math/OUTPUT/e_sinh.obj
/home/student/nseiger/CS385/EFI/Sonoma_edk2/Build/AppPkg/DEBUG_GCC49/X64/StdLib/LibC/Math/Math/OUTPUT/e_log.obj
/home/student/nseiger/CS385/EFI/Sonoma_edk2/Build/AppPkg/DEBUG_GCC49/X64/StdLib/LibC/Math/Math/OUTPUT/e_log2.obj
/home/student/nseiger/CS385/EFI/Sonoma_edk2/Build/AppPkg/DEBUG_GCC49/X64/StdLib/LibC/Math/Math/OUTPUT/e_log10.obj
/home/student/nseiger/CS385/EFI/Sonoma_edk2/Build/AppPkg/DEBUG_GCC49/X64/StdLib/LibC/Math/Math/OUTPUT/e_pow.obj
/home/student/nseiger/CS385/EFI/Sonoma_edk2/Build/AppPkg/DEBUG_GCC49/X64/StdLib/LibC/Math/Math/OUTPUT/e_sqrt.obj
/home/student/nseiger/CS385/EFI/Sonoma_edk2/Build/AppPkg/DEBUG_GCC49/X64/StdLib/LibC/Math/Math/OUTPUT/e_fmod.obj
/home/student/nseiger/CS385/EFI/Sonoma_edk2/Build/AppPkg/DEBUG_GCC49/X64/StdLib/LibC/Math/Math/OUTPUT/e_rem_pio2.obj
/home/student/nseiger/CS385/EFI/Sonoma_edk2/Build/AppPkg/DEBUG_GCC49/X64/StdLib/LibC/Math/Math/OUTPUT/k_cos.obj
/home/student/nseiger/CS385/EFI/Sonoma_edk2/Build/AppPkg/DEBUG_GCC49/X64/StdLib/LibC/Math/Math/OUTPUT/k_sin.obj
/home/student/nseiger/CS385/EFI/Sonoma_edk2/Build/AppPkg/DEBUG_GCC49/X64/StdLib/LibC/Math/Math/OUTPUT/k_tan.obj
/home/student/nseiger/CS385/EFI/Sonoma_edk2/Build/AppPkg/DEBUG_GCC49/X64/StdLib/LibC/Math/Math/OUTPUT/k_rem_pio2.obj
/home/student/nseiger/CS385/EFI/Sonoma_edk2/Build/AppPkg/DEBUG_GCC49/X64/StdLib/LibC/Math/Math/OUTPUT/s_atan.obj
/home/student/nseiger/CS385/EFI/Sonoma_edk2/Build/AppPkg/DEBUG_GCC49/X64/StdLib/LibC/Math/Math/OUTPUT/s_cos.obj
/home/student/nseiger/CS385/EFI/Sonoma_edk2/Build/AppPkg/DEBUG_GCC49/X64/StdLib/LibC/Math/Math/OUTPUT/s_sin.obj
/home/student/nseiger/CS385/EFI/Sonoma_edk2/Build/AppPkg/DEBUG_GCC49/X64/StdLib/LibC/Math/Math/OUTPUT/s_tan.obj
/home/student/nseiger/CS385/EFI/Sonoma_edk2/Build/AppPkg/DEBUG_GCC49/X64/StdLib/LibC/Math/Math/OUTPUT/s_expm1.obj
/home/student/nseiger/CS385/EFI/Sonoma_edk2/Build/AppPkg/DEBUG_GCC49/X64/StdLib/LibC/Math/Math/OUTPUT/s_tanh.obj
/home/student/nseiger/CS385/EFI/Sonoma_edk2/Build/AppPkg/DEBUG_GCC49/X64/StdLib/LibC/Math/Math/OUTPUT/s_frexp.obj
/home/student/nseiger/CS385/EFI/Sonoma_edk2/Build/AppPkg/DEBUG_GCC49/X64/StdLib/LibC/Math/Math/OUTPUT/s_ldexp.obj
/home/student/nseiger/CS385/EFI/Sonoma_edk2/Build/AppPkg/DEBUG_GCC49/X64/StdLib/LibC/Math/Math/OUTPUT/s_scalbn.obj
/home/student/nseiger/CS385/EFI/Sonoma_edk2/Build/AppPkg/DEBUG_GCC49/X64/StdLib/LibC/Math/Math/OUTPUT/s_copysign.obj
/home/student/nseiger/CS385/EFI/Sonoma_edk2/Build/AppPkg/DEBUG_GCC49/X64/StdLib/LibC/Math/Math/OUTPUT/s_finite.obj
/home/student/nseiger/CS385/EFI/Sonoma_edk2/Build/AppPkg/DEBUG_GCC49/X64/StdLib/LibC/Math/Math/OUTPUT/s_infinity.obj
/home/student/nseiger/CS385/EFI/Sonoma_edk2/Build/AppPkg/DEBUG_GCC49/X64/StdLib/LibC/Math/Math/OUTPUT/s_modf.obj
/home/student/nseiger/CS385/EFI/Sonoma_edk2/Build/AppPkg/DEBUG_GCC49/X64/StdLib/LibC/Math/Math/OUTPUT/s_fabs.obj
/home/student/nseiger/CS385/EFI/Sonoma_edk2/Build/AppPkg/DEBUG_GCC49/X64/StdLib/LibC/Math/Math/OUTPUT/s_ceil.obj
/home/student/nseiger/CS385/EFI/Sonoma_edk2/Build/AppPkg/DEBUG_GCC49/X64/StdLib/LibC/Math/Math/OUTPUT/s_floor.obj
/home/student/nseiger/CS385/EFI/Sonoma_edk2/Build/AppPkg/DEBUG_GCC49/X64/StdLib/LibC/Math/Math/OUTPUT/w_acos.obj
/home/student/nseiger/CS385/EFI/Sonoma_edk2/Build/AppPkg/DEBUG_GCC49/X64/StdLib/LibC/Math/Math/OUTPUT/w_asin.obj
/home/student/nseiger/CS385/EFI/Sonoma_edk2/Build/AppPkg/DEBUG_GCC49/X64/StdLib/LibC/Math/Math/OUTPUT/w_atan2.obj
/home/student/nseiger/CS385/EFI/Sonoma_edk2/Build/AppPkg/DEBUG_GCC49/X64/StdLib/LibC/Math/Math/OUTPUT/w_cosh.obj
/home/student/nseiger/CS385/EFI/Sonoma_edk2/Build/AppPkg/DEBUG_GCC49/X64/StdLib/LibC/Math/Math/OUTPUT/w_sinh.obj
/home/student/nseiger/CS385/EFI/Sonoma_edk2/Build/AppPkg/DEBUG_GCC49/X64/StdLib/LibC/Math/Math/OUTPUT/w_exp.obj
/home/student/nseiger/CS385/EFI/Sonoma_edk2/Build/AppPkg/DEBUG_GCC49/X64/StdLib/LibC/Math/Math/OUTPUT/w_log.obj
/home/student/nseiger/CS385/EFI/Sonoma_edk2/Build/AppPkg/DEBUG_GCC49/X64/StdLib/LibC/Math/Math/OUTPUT/w_log2.obj
/home/student/nseiger/CS385/EFI/Sonoma_edk2/Build/AppPkg/DEBUG_GCC49/X64/StdLib/LibC/Math/Math/OUTPUT/w_log10.obj
/home/student/nseiger/CS385/EFI/Sonoma_edk2/Build/AppPkg/DEBUG_GCC49/X64/StdLib/LibC/Math/Math/OUTPUT/w_pow.obj
/home/student/nseiger/CS385/EFI/Sonoma_edk2/Build/AppPkg/DEBUG_GCC49/X64/StdLib/LibC/Math/Math/OUTPUT/w_sqrt.obj
/home/student/nseiger/CS385/EFI/Sonoma_edk2/Build/AppPkg/DEBUG_GCC49/X64/StdLib/LibC/Math/Math/OUTPUT/w_fmod.obj