/home/student/nseiger/CS385/EFI/Sonoma_edk2/Build/MdeModule/DEBUG_GCC44/X64/MdePkg/Library/BasePcdLibNull/BasePcdLibNull/OUTPUT/BasePcdLibNull.lib
/home/student/nseiger/CS385/EFI/Sonoma_edk2/Build/MdeModule/DEBUG_GCC44/X64/MdePkg/Library/BaseDebugLibNull/BaseDebugLibNull/OUTPUT/BaseDebugLibNull.lib
/home/student/nseiger/CS385/EFI/Sonoma_edk2/Build/MdeModule/DEBUG_GCC44/X64/MdePkg/Library/BaseMemoryLib/BaseMemoryLib/OUTPUT/BaseMemoryLib.lib
/home/student/nseiger/CS385/EFI/Sonoma_edk2/Build/MdeModule/DEBUG_GCC44/X64/MdePkg/Library/BaseLib/BaseLib/OUTPUT/BaseLib.lib
/home/student/nseiger/CS385/EFI/Sonoma_edk2/Build/MdeModule/DEBUG_GCC44/X64/MdePkg/Library/UefiBootServicesTableLib/UefiBootServicesTableLib/OUTPUT/UefiBootServicesTableLib.lib
/home/student/nseiger/CS385/EFI/Sonoma_edk2/Build/MdeModule/DEBUG_GCC44/X64/MdePkg/Library/BasePrintLib/BasePrintLib/OUTPUT/BasePrintLib.lib
/home/student/nseiger/CS385/EFI/Sonoma_edk2/Build/MdeModule/DEBUG_GCC44/X64/MdeModulePkg/Library/PiSmmCoreMemoryAllocationLib/PiSmmCoreMemoryAllocationLib/OUTPUT/PiSmmCoreMemoryAllocationLib.lib
/home/student/nseiger/CS385/EFI/Sonoma_edk2/Build/MdeModule/DEBUG_GCC44/X64/MdePkg/Library/UefiRuntimeServicesTableLib/UefiRuntimeServicesTableLib/OUTPUT/UefiRuntimeServicesTableLib.lib
/home/student/nseiger/CS385/EFI/Sonoma_edk2/Build/MdeModule/DEBUG_GCC44/X64/MdePkg/Library/UefiDevicePathLib/UefiDevicePathLib/OUTPUT/UefiDevicePathLib.lib
/home/student/nseiger/CS385/EFI/Sonoma_edk2/Build/MdeModule/DEBUG_GCC44/X64/MdePkg/Library/UefiLib/UefiLib/OUTPUT/UefiLib.lib
/home/student/nseiger/CS385/EFI/Sonoma_edk2/Build/MdeModule/DEBUG_GCC44/X64/MdePkg/Library/BasePeCoffExtraActionLibNull/BasePeCoffExtraActionLibNull/OUTPUT/PeCoffExtraActionLibNull.lib
/home/student/nseiger/CS385/EFI/Sonoma_edk2/Build/MdeModule/DEBUG_GCC44/X64/MdeModulePkg/Library/PiSmmCoreSmmServicesTableLib/PiSmmCoreSmmServicesTableLib/OUTPUT/PiSmmCoreSmmServicesTableLib.lib
/home/student/nseiger/CS385/EFI/Sonoma_edk2/Build/MdeModule/DEBUG_GCC44/X64/MdePkg/Library/DxeHobLib/DxeHobLib/OUTPUT/DxeHobLib.lib
/home/student/nseiger/CS385/EFI/Sonoma_edk2/Build/MdeModule/DEBUG_GCC44/X64/MdePkg/Library/UefiDriverEntryPoint/UefiDriverEntryPoint/OUTPUT/UefiDriverEntryPoint.lib
/home/student/nseiger/CS385/EFI/Sonoma_edk2/Build/MdeModule/DEBUG_GCC44/X64/MdePkg/Library/BasePeCoffLib/BasePeCoffLib/OUTPUT/BasePeCoffLib.lib
/home/student/nseiger/CS385/EFI/Sonoma_edk2/Build/MdeModule/DEBUG_GCC44/X64/MdePkg/Library/BaseCacheMaintenanceLib/BaseCacheMaintenanceLib/OUTPUT/BaseCacheMaintenanceLib.lib
/home/student/nseiger/CS385/EFI/Sonoma_edk2/Build/MdeModule/DEBUG_GCC44/X64/MdePkg/Library/BaseReportStatusCodeLibNull/BaseReportStatusCodeLibNull/OUTPUT/BaseReportStatusCodeLibNull.lib
/home/student/nseiger/CS385/EFI/Sonoma_edk2/Build/MdeModule/DEBUG_GCC44/X64/MdeModulePkg/Library/SmmCorePlatformHookLibNull/SmmCorePlatformHookLibNull/OUTPUT/SmmCorePlatformHookLibNull.lib
/home/student/nseiger/CS385/EFI/Sonoma_edk2/Build/MdeModule/DEBUG_GCC44/X64/MdePkg/Library/BasePerformanceLibNull/BasePerformanceLibNull/OUTPUT/BasePerformanceLibNull.lib
/home/student/nseiger/CS385/EFI/Sonoma_edk2/Build/MdeModule/DEBUG_GCC44/X64/MdePkg/Library/BaseTimerLibNullTemplate/BaseTimerLibNullTemplate/OUTPUT/BaseTimerLibNullTemplate.lib
/home/student/nseiger/CS385/EFI/Sonoma_edk2/Build/MdeModule/DEBUG_GCC44/X64/MdePkg/Library/SmmMemLib/SmmMemLib/OUTPUT/SmmMemLib.lib
/home/student/nseiger/CS385/EFI/Sonoma_edk2/Build/MdeModule/DEBUG_GCC44/X64/MdeModulePkg/Core/PiSmmCore/PiSmmCore/OUTPUT/PiSmmCore.lib