/home/student/nseiger/CS385/EFI/Sonoma_edk2/Build/AppPkg/DEBUG_GCC44/X64/StdLib/LibC/Signal/Signal/OUTPUT/LibSignal.lib
/home/student/nseiger/CS385/EFI/Sonoma_edk2/Build/AppPkg/DEBUG_GCC44/X64/StdLib/LibC/Uefi/Devices/daUtility/OUTPUT/DevUtility.lib
/home/student/nseiger/CS385/EFI/Sonoma_edk2/Build/AppPkg/DEBUG_GCC44/X64/StdLib/PosixLib/Gen/LibGen/OUTPUT/LibGen.lib
/home/student/nseiger/CS385/EFI/Sonoma_edk2/Build/AppPkg/DEBUG_GCC44/X64/StdLib/LibC/Uefi/Uefi/OUTPUT/LibUefi.lib
/home/student/nseiger/CS385/EFI/Sonoma_edk2/Build/AppPkg/DEBUG_GCC44/X64/StdLib/LibC/Time/Time/OUTPUT/LibTime.lib
/home/student/nseiger/CS385/EFI/Sonoma_edk2/Build/AppPkg/DEBUG_GCC44/X64/StdLib/LibC/Locale/Locale/OUTPUT/LibLocale.lib
/home/student/nseiger/CS385/EFI/Sonoma_edk2/Build/AppPkg/DEBUG_GCC44/X64/StdLib/LibC/gdtoa/gdtoa/OUTPUT/LibGdtoa.lib
/home/student/nseiger/CS385/EFI/Sonoma_edk2/Build/AppPkg/DEBUG_GCC44/X64/StdLib/LibC/Ctype/Ctype/OUTPUT/LibCtype.lib
/home/student/nseiger/CS385/EFI/Sonoma_edk2/Build/AppPkg/DEBUG_GCC44/X64/StdLib/LibC/String/String/OUTPUT/LibString.lib
/home/student/nseiger/CS385/EFI/Sonoma_edk2/Build/AppPkg/DEBUG_GCC44/X64/StdLib/LibC/Stdio/Stdio/OUTPUT/LibStdio.lib
/home/student/nseiger/CS385/EFI/Sonoma_edk2/Build/AppPkg/DEBUG_GCC44/X64/StdLib/LibC/StdLib/StdLib/OUTPUT/LibStdLib.lib
/home/student/nseiger/CS385/EFI/Sonoma_edk2/Build/AppPkg/DEBUG_GCC44/X64/MdePkg/Library/UefiApplicationEntryPoint/UefiApplicationEntryPoint/OUTPUT/UefiApplicationEntryPoint.lib
/home/student/nseiger/CS385/EFI/Sonoma_edk2/Build/AppPkg/DEBUG_GCC44/X64/MdePkg/Library/BaseLib/BaseLib/OUTPUT/BaseLib.lib
/home/student/nseiger/CS385/EFI/Sonoma_edk2/Build/AppPkg/DEBUG_GCC44/X64/MdePkg/Library/UefiMemoryAllocationLib/UefiMemoryAllocationLib/OUTPUT/UefiMemoryAllocationLib.lib
/home/student/nseiger/CS385/EFI/Sonoma_edk2/Build/AppPkg/DEBUG_GCC44/X64/MdePkg/Library/BasePcdLibNull/BasePcdLibNull/OUTPUT/BasePcdLibNull.lib
/home/student/nseiger/CS385/EFI/Sonoma_edk2/Build/AppPkg/DEBUG_GCC44/X64/MdePkg/Library/BasePrintLib/BasePrintLib/OUTPUT/BasePrintLib.lib
/home/student/nseiger/CS385/EFI/Sonoma_edk2/Build/AppPkg/DEBUG_GCC44/X64/ShellPkg/Library/UefiShellCEntryLib/UefiShellCEntryLib/OUTPUT/UefiShellCEntryLib.lib
/home/student/nseiger/CS385/EFI/Sonoma_edk2/Build/AppPkg/DEBUG_GCC44/X64/StdLib/LibC/LibC/OUTPUT/LibC.lib
/home/student/nseiger/CS385/EFI/Sonoma_edk2/Build/AppPkg/DEBUG_GCC44/X64/MdePkg/Library/BaseDebugLibNull/BaseDebugLibNull/OUTPUT/BaseDebugLibNull.lib
/home/student/nseiger/CS385/EFI/Sonoma_edk2/Build/AppPkg/DEBUG_GCC44/X64/MdePkg/Library/BaseMemoryLib/BaseMemoryLib/OUTPUT/BaseMemoryLib.lib
/home/student/nseiger/CS385/EFI/Sonoma_edk2/Build/AppPkg/DEBUG_GCC44/X64/StdLib/LibC/Containers/ContainerLib/OUTPUT/LibContainer.lib
/home/student/nseiger/CS385/EFI/Sonoma_edk2/Build/AppPkg/DEBUG_GCC44/X64/StdLib/LibC/Uefi/InteractiveIO/IIO/OUTPUT/LibIIO.lib
/home/student/nseiger/CS385/EFI/Sonoma_edk2/Build/AppPkg/DEBUG_GCC44/X64/StdLib/LibC/Wchar/Wchar/OUTPUT/LibWchar.lib
/home/student/nseiger/CS385/EFI/Sonoma_edk2/Build/AppPkg/DEBUG_GCC44/X64/MdePkg/Library/UefiBootServicesTableLib/UefiBootServicesTableLib/OUTPUT/UefiBootServicesTableLib.lib
/home/student/nseiger/CS385/EFI/Sonoma_edk2/Build/AppPkg/DEBUG_GCC44/X64/StdLib/LibC/Uefi/Devices/daConsole/OUTPUT/DevConsole.lib
/home/student/nseiger/CS385/EFI/Sonoma_edk2/Build/AppPkg/DEBUG_GCC44/X64/MdePkg/Library/UefiRuntimeServicesTableLib/UefiRuntimeServicesTableLib/OUTPUT/UefiRuntimeServicesTableLib.lib
/home/student/nseiger/CS385/EFI/Sonoma_edk2/Build/AppPkg/DEBUG_GCC44/X64/MdePkg/Library/UefiDevicePathLib/UefiDevicePathLib/OUTPUT/UefiDevicePathLib.lib
/home/student/nseiger/CS385/EFI/Sonoma_edk2/Build/AppPkg/DEBUG_GCC44/X64/MdePkg/Library/UefiLib/UefiLib/OUTPUT/UefiLib.lib
/home/student/nseiger/CS385/EFI/Sonoma_edk2/Build/AppPkg/DEBUG_GCC44/X64/MdeModulePkg/Library/UefiSortLib/UefiSortLib/OUTPUT/UefiSortLib.lib
/home/student/nseiger/CS385/EFI/Sonoma_edk2/Build/AppPkg/DEBUG_GCC44/X64/MdeModulePkg/Library/UefiHiiLib/UefiHiiLib/OUTPUT/UefiHiiLib.lib
/home/student/nseiger/CS385/EFI/Sonoma_edk2/Build/AppPkg/DEBUG_GCC44/X64/MdePkg/Library/UefiFileHandleLib/UefiFileHandleLib/OUTPUT/UefiFileHandleLib.lib
/home/student/nseiger/CS385/EFI/Sonoma_edk2/Build/AppPkg/DEBUG_GCC44/X64/ShellPkg/Library/UefiShellLib/UefiShellLib/OUTPUT/UefiShellLib.lib
/home/student/nseiger/CS385/EFI/Sonoma_edk2/Build/AppPkg/DEBUG_GCC44/X64/MdeModulePkg/Library/UefiHiiServicesLib/UefiHiiServicesLib/OUTPUT/UefiHiiServicesLib.lib
/home/student/nseiger/CS385/EFI/Sonoma_edk2/Build/AppPkg/DEBUG_GCC44/X64/StdLib/BsdSocketLib/BsdSocketLib/OUTPUT/BsdSocketLib.lib
/home/student/nseiger/CS385/EFI/Sonoma_edk2/Build/AppPkg/DEBUG_GCC44/X64/StdLib/LibC/Uefi/Devices/daShell/OUTPUT/DevShell.lib
/home/student/nseiger/CS385/EFI/Sonoma_edk2/Build/AppPkg/DEBUG_GCC44/X64/StdLib/EfiSocketLib/EfiSocketLib/OUTPUT/EfiSocketLib.lib
/home/student/nseiger/CS385/EFI/Sonoma_edk2/Build/AppPkg/DEBUG_GCC44/X64/StdLib/LibC/Math/Math/OUTPUT/LibMath.lib
/home/student/nseiger/CS385/EFI/Sonoma_edk2/Build/AppPkg/DEBUG_GCC44/X64/StdLib/LibC/NetUtil/NetUtil/OUTPUT/LibNetUtil.lib
/home/student/nseiger/CS385/EFI/Sonoma_edk2/Build/AppPkg/DEBUG_GCC44/X64/AppPkg/Applications/Sockets/GetNetByName/GetNetByName/OUTPUT/GetNetByName.lib